2025-08-09 10:26:25,294 [ERROR] ConfigurationRetriever:142 - IOException on connection: sw-center.st.com
2025-08-09 10:26:25,315 [ERROR] ConfigurationRetriever:142 - IOException on connection: sw-center.st.com
2025-08-09 10:26:25,316 [ERROR] ConfigurationRetriever:142 - IOException on connection: sw-center.st.com
2025-08-09 10:29:00,202 [ERROR] ConfigurationRetriever:142 - IOException on connection: sw-center.st.com
2025-08-09 10:29:00,205 [ERROR] ConfigurationRetriever:142 - IOException on connection: sw-center.st.com
2025-08-09 10:29:00,207 [ERROR] ConfigurationRetriever:142 - IOException on connection: sw-center.st.com
2025-08-09 10:32:34,258 [ERROR] ConfigurationRetriever:142 - IOException on connection: sw-center.st.com
2025-08-09 10:32:34,261 [ERROR] ConfigurationRetriever:142 - IOException on connection: sw-center.st.com
2025-08-09 10:32:34,263 [ERROR] ConfigurationRetriever:142 - IOException on connection: sw-center.st.com
2025-08-09 10:32:54,041 [ERROR] ConfigurationRetriever:142 - IOException on connection: sw-center.st.com
2025-08-09 10:32:54,042 [ERROR] ConfigurationRetriever:142 - IOException on connection: sw-center.st.com
2025-08-09 10:32:54,042 [ERROR] ConfigurationRetriever:142 - IOException on connection: sw-center.st.com
2025-08-09 10:34:56,986 [INFO] WebApp:191 - Connection restablished
2025-08-09 10:50:42,150 [ERROR] ConfigurationRetriever:142 - IOException on connection: sw-center.st.com
2025-08-09 10:50:42,153 [ERROR] ConfigurationRetriever:142 - IOException on connection: sw-center.st.com
2025-08-09 10:50:42,154 [ERROR] ConfigurationRetriever:142 - IOException on connection: sw-center.st.com
2025-08-09 10:51:34,828 [ERROR] ConfigurationRetriever:142 - IOException on connection: Read timed out
2025-08-09 11:09:49,943 [ERROR] ConfigurationRetriever:142 - IOException on connection: Connect timed out
2025-08-09 11:10:04,463 [ERROR] ConfigurationRetriever:142 - IOException on connection: Read timed out
2025-08-09 11:19:09,246 [ERROR] ConfigurationRetriever:142 - IOException on connection: Read timed out
2025-08-09 11:19:31,156 [ERROR] ConfigurationRetriever:142 - IOException on connection: Connect timed out
2025-08-09 11:19:38,079 [ERROR] AdobePublisher:187 - Exception while getting the server answer: java.net.SocketTimeoutException: Read timed out
2025-08-09 11:19:40,326 [ERROR] ConfigurationRetriever:142 - IOException on connection: Connect timed out
2025-08-09 11:19:42,327 [ERROR] ConfigurationRetriever:142 - IOException on connection: Connect timed out
2025-08-09 11:19:44,341 [ERROR] ConfigurationRetriever:142 - IOException on connection: Read timed out
2025-08-09 11:22:39,737 [ERROR] ConfigurationRetriever:142 - IOException on connection: Read timed out
2025-08-09 11:22:41,793 [ERROR] ConfigurationRetriever:142 - IOException on connection: Read timed out
2025-08-09 11:22:43,795 [ERROR] ConfigurationRetriever:142 - IOException on connection: Connect timed out
2025-08-09 11:22:46,859 [ERROR] ConfigurationRetriever:142 - IOException on connection: Read timed out
2025-08-09 11:27:57,529 [INFO] WebApp:194 - Connection lost
2025-08-09 11:28:14,050 [ERROR] ConfigurationRetriever:142 - IOException on connection: sw-center.st.com
2025-08-09 11:28:14,051 [ERROR] ConfigurationRetriever:142 - IOException on connection: sw-center.st.com
2025-08-09 11:28:14,055 [ERROR] ConfigurationRetriever:142 - IOException on connection: sw-center.st.com
2025-08-09 11:28:14,248 [ERROR] ConfigurationRetriever:142 - IOException on connection: sw-center.st.com
2025-08-09 11:28:14,249 [ERROR] ConfigurationRetriever:142 - IOException on connection: sw-center.st.com
2025-08-09 11:28:14,250 [ERROR] ConfigurationRetriever:142 - IOException on connection: sw-center.st.com
2025-08-09 11:29:19,837 [INFO] WebApp:191 - Connection restablished
2025-08-09 11:29:21,888 [INFO] WebApp:194 - Connection lost
2025-08-09 11:29:26,164 [INFO] WebApp:191 - Connection restablished
2025-08-09 11:31:07,901 [INFO] WebApp:194 - Connection lost
2025-08-09 11:31:39,833 [INFO] WebApp:191 - Connection restablished
2025-08-09 11:33:53,138 [ERROR] ConfigurationRetriever:142 - IOException on connection: sw-center.st.com
2025-08-09 11:33:53,146 [ERROR] ConfigurationRetriever:142 - IOException on connection: sw-center.st.com
2025-08-09 11:33:53,147 [ERROR] ConfigurationRetriever:142 - IOException on connection: sw-center.st.com
2025-08-09 11:34:27,900 [ERROR] ConfigurationRetriever:142 - IOException on connection: sw-center.st.com
2025-08-09 11:34:27,902 [ERROR] ConfigurationRetriever:142 - IOException on connection: sw-center.st.com
2025-08-09 11:34:27,902 [ERROR] ConfigurationRetriever:142 - IOException on connection: sw-center.st.com
2025-08-09 11:34:27,960 [ERROR] ConfigurationRetriever:142 - IOException on connection: sw-center.st.com
2025-08-09 11:34:27,961 [ERROR] ConfigurationRetriever:142 - IOException on connection: sw-center.st.com
2025-08-09 11:34:27,961 [ERROR] ConfigurationRetriever:142 - IOException on connection: sw-center.st.com
2025-08-09 11:38:13,647 [INFO] WebApp:194 - Connection lost
2025-08-09 11:49:41,775 [ERROR] ConfigurationRetriever:142 - IOException on connection: sw-center.st.com
2025-08-09 11:49:41,776 [ERROR] ConfigurationRetriever:142 - IOException on connection: sw-center.st.com
2025-08-09 11:49:41,777 [ERROR] ConfigurationRetriever:142 - IOException on connection: sw-center.st.com
2025-08-09 11:54:30,096 [ERROR] ConfigurationRetriever:142 - IOException on connection: sw-center.st.com
2025-08-09 11:54:30,097 [ERROR] ConfigurationRetriever:142 - IOException on connection: sw-center.st.com
2025-08-09 11:54:30,098 [ERROR] ConfigurationRetriever:142 - IOException on connection: sw-center.st.com
2025-08-09 11:54:30,509 [ERROR] ConfigurationRetriever:142 - IOException on connection: sw-center.st.com
2025-08-09 11:54:30,511 [ERROR] ConfigurationRetriever:142 - IOException on connection: sw-center.st.com
2025-08-09 11:54:30,512 [ERROR] ConfigurationRetriever:142 - IOException on connection: sw-center.st.com
2025-08-09 11:55:42,087 [INFO] WebApp:191 - Connection restablished
2025-08-09 11:55:43,398 [INFO] WebApp:194 - Connection lost
2025-08-09 11:55:47,533 [INFO] WebApp:191 - Connection restablished
2025-08-09 11:56:02,253 [ERROR] ConfigurationRetriever:142 - IOException on connection: Read timed out
2025-08-09 11:56:04,257 [ERROR] ConfigurationRetriever:142 - IOException on connection: Connect timed out
2025-08-09 11:56:06,260 [ERROR] ConfigurationRetriever:142 - IOException on connection: Connect timed out
2025-08-09 11:57:00,174 [ERROR] ConfigurationRetriever:142 - IOException on connection: Read timed out
2025-08-09 11:57:21,152 [ERROR] ConfigurationRetriever:142 - IOException on connection: Read timed out
