2025-08-03 01:03:13,358 [INFO] UtilMem:75 - End SaveConfig() Used Memory: 391709096 Bytes (958398464)
2025-08-03 01:03:14,015 [INFO] BlockDiagram:2775 - set Specific Code input for plugin: NVIC
2025-08-03 01:03:14,015 [INFO] BlockDiagram:2775 - set Specific Code input for plugin: SYS
2025-08-03 01:03:14,016 [INFO] BlockDiagram:2775 - set Specific Code input for plugin: GPIO
2025-08-03 01:03:14,016 [INFO] BlockDiagram:2775 - set Specific Code input for plugin: ADC
2025-08-03 01:03:14,016 [INFO] BlockDiagram:2775 - set Specific Code input for plugin: USART
2025-08-03 01:03:14,016 [INFO] BlockDiagram:2775 - set Specific Code input for plugin: CAN
2025-08-03 01:03:14,016 [INFO] BlockDiagram:2775 - set Specific Code input for plugin: RCC
2025-08-03 01:03:14,017 [INFO] BlockDiagram:2775 - set Specific Code input for plugin: I2C
2025-08-03 01:03:14,017 [INFO] BlockDiagram:2775 - set Specific Code input for plugin: TIM1_8F1
2025-08-03 01:03:14,020 [INFO] CodeGenerator:892 - code generatio: config db path: C:\ST\STM32CubeIDE_1.19.0\STM32CubeIDE\plugins\com.st.stm32cube.common.mx_6.15.0.202507011659\\db\
2025-08-03 01:03:14,029 [WARN] IP:2250 - I2C_Coeff_DF not found: check if there is a RefParameter without a condition.
2025-08-03 01:03:14,030 [WARN] IP:2250 - Analog_Filter not found: check if there is a RefParameter without a condition.
2025-08-03 01:03:14,152 [INFO] CodeEngine:265 - oldGeneratedFile, C:\Users\sopan\STM32CubeIDE\workspace_1.19.0\STM32F103C6T6A_ADC_1.2\MXTmpFiles\license.tmp_save
2025-08-03 01:03:14,514 [INFO] CodeEngine:289 - Generated code: C:\Users\sopan\STM32CubeIDE\workspace_1.19.0\STM32F103C6T6A_ADC_1.2\MXTmpFiles\license.tmp
2025-08-03 01:03:14,561 [INFO] CodeEngine:265 - oldGeneratedFile, C:\Users\sopan\STM32CubeIDE\workspace_1.19.0\STM32F103C6T6A_ADC_1.2\MXTmpFiles\gpio.tmp_save
2025-08-03 01:03:14,811 [INFO] CodeEngine:289 - Generated code: C:\Users\sopan\STM32CubeIDE\workspace_1.19.0\STM32F103C6T6A_ADC_1.2\MXTmpFiles\gpio.tmp
2025-08-03 01:03:15,166 [INFO] CodeEngine:265 - oldGeneratedFile, C:\Users\sopan\STM32CubeIDE\workspace_1.19.0\STM32F103C6T6A_ADC_1.2\Core\Src\stm32f1xx_it.c_save
2025-08-03 01:03:15,427 [INFO] CodeEngine:289 - Generated code: C:\Users\sopan\STM32CubeIDE\workspace_1.19.0\STM32F103C6T6A_ADC_1.2\Core\Src\stm32f1xx_it.c
2025-08-03 01:03:15,437 [INFO] CodeEngine:265 - oldGeneratedFile, C:\Users\sopan\STM32CubeIDE\workspace_1.19.0\STM32F103C6T6A_ADC_1.2\Core\Inc\stm32f1xx_it.h_save
2025-08-03 01:03:15,548 [INFO] CodeEngine:289 - Generated code: C:\Users\sopan\STM32CubeIDE\workspace_1.19.0\STM32F103C6T6A_ADC_1.2\Core\Inc\stm32f1xx_it.h
2025-08-03 01:03:15,569 [INFO] CodeEngine:265 - oldGeneratedFile, C:\Users\sopan\STM32CubeIDE\workspace_1.19.0\STM32F103C6T6A_ADC_1.2\Core\Src\stm32f1xx_hal_msp.c_save
2025-08-03 01:03:15,753 [INFO] CodeEngine:289 - Generated code: C:\Users\sopan\STM32CubeIDE\workspace_1.19.0\STM32F103C6T6A_ADC_1.2\Core\Src\stm32f1xx_hal_msp.c
2025-08-03 01:03:15,759 [INFO] CodeEngine:265 - oldGeneratedFile, C:\Users\sopan\STM32CubeIDE\workspace_1.19.0\STM32F103C6T6A_ADC_1.2\MXTmpFiles\system.tmp_save
2025-08-03 01:03:15,856 [INFO] CodeEngine:289 - Generated code: C:\Users\sopan\STM32CubeIDE\workspace_1.19.0\STM32F103C6T6A_ADC_1.2\MXTmpFiles\system.tmp
2025-08-03 01:03:15,869 [INFO] CodeEngine:321 - oldGeneratedFile, C:\Users\sopan\STM32CubeIDE\workspace_1.19.0\STM32F103C6T6A_ADC_1.2\Core\Inc\stm32f1xx_hal_conf.h_save
2025-08-03 01:03:15,981 [INFO] CodeEngine:345 - Generated code: C:\Users\sopan\STM32CubeIDE\workspace_1.19.0\STM32F103C6T6A_ADC_1.2\Core\Inc\stm32f1xx_hal_conf.h
2025-08-03 01:03:16,006 [WARN] IPConfigManager:3811 - IP not found : TIM
2025-08-03 01:03:16,007 [WARN] CodeGenerator:4259 - IP not found : null
2025-08-03 01:03:16,018 [INFO] CodeEngine:265 - oldGeneratedFile, C:\Users\sopan\STM32CubeIDE\workspace_1.19.0\STM32F103C6T6A_ADC_1.2\Core\Inc\main.h_save
2025-08-03 01:03:16,168 [INFO] CodeEngine:289 - Generated code: C:\Users\sopan\STM32CubeIDE\workspace_1.19.0\STM32F103C6T6A_ADC_1.2\Core\Inc\main.h
2025-08-03 01:03:16,176 [INFO] CodeEngine:265 - oldGeneratedFile, C:\Users\sopan\STM32CubeIDE\workspace_1.19.0\STM32F103C6T6A_ADC_1.2\Core\Src\main.c_save
2025-08-03 01:03:16,381 [INFO] CodeEngine:289 - Generated code: C:\Users\sopan\STM32CubeIDE\workspace_1.19.0\STM32F103C6T6A_ADC_1.2\Core\Src\main.c
2025-08-03 01:03:16,802 [INFO] ProjectBuilder:3606 - Time for Copy HAL[1] : 224mS.
2025-08-03 01:03:16,807 [INFO] ProjectBuilder:5216 - Project Generator version: 4.7.0-B52
2025-08-03 01:03:16,892 [INFO] ConfigFileManager:1595 - The Die is : DIE412
2025-08-03 01:03:17,902 [INFO] ProjectBuilder:5496 - Time for Generating toolchain IDE Files: 1095mS.
2025-08-03 01:03:17,904 [INFO] ProjectBuilder:3463 - Time for Copy CMSIS : 0mS.
2025-08-03 01:03:17,907 [INFO] ProjectBuilder:3463 - Time for Copy CMSIS : 0mS.
2025-08-03 12:14:36,106 [INFO] NvicIntPanel:101 - NVIC parent = com.st.microxplorer.plugins.ip.nvic.MultiNvicIntPanel[,0,0,0x0,invalid,layout=javax.swing.BoxLayout,alignmentX=0.0,alignmentY=0.0,border=,flags=9,maximumSize=,minimumSize=,preferredSize=]
2025-08-03 12:14:36,304 [INFO] NvicIntPanel:101 - NVIC parent = com.st.microxplorer.plugins.ip.nvic.MultiNvicIntPanel[,0,0,0x0,invalid,layout=javax.swing.BoxLayout,alignmentX=0.0,alignmentY=0.0,border=,flags=9,maximumSize=,minimumSize=,preferredSize=]
2025-08-03 12:14:40,967 [INFO] NvicIntPanel:101 - NVIC parent = com.st.microxplorer.plugins.ip.nvic.MultiNvicIntPanel[,0,0,0x0,invalid,layout=javax.swing.BoxLayout,alignmentX=0.0,alignmentY=0.0,border=,flags=9,maximumSize=,minimumSize=,preferredSize=]
2025-08-03 12:14:41,115 [INFO] NvicIntPanel:101 - NVIC parent = com.st.microxplorer.plugins.ip.nvic.MultiNvicIntPanel[,0,0,0x0,invalid,layout=javax.swing.BoxLayout,alignmentX=0.0,alignmentY=0.0,border=,flags=9,maximumSize=,minimumSize=,preferredSize=]
2025-08-03 12:14:46,028 [INFO] NvicIntPanel:101 - NVIC parent = com.st.microxplorer.plugins.ip.nvic.MultiNvicIntPanel[,0,0,0x0,invalid,layout=javax.swing.BoxLayout,alignmentX=0.0,alignmentY=0.0,border=,flags=9,maximumSize=,minimumSize=,preferredSize=]
2025-08-03 12:14:46,178 [INFO] NvicIntPanel:101 - NVIC parent = com.st.microxplorer.plugins.ip.nvic.MultiNvicIntPanel[,0,0,0x0,invalid,layout=javax.swing.BoxLayout,alignmentX=0.0,alignmentY=0.0,border=,flags=9,maximumSize=,minimumSize=,preferredSize=]
2025-08-03 12:14:53,938 [INFO] NvicIntPanel:101 - NVIC parent = com.st.microxplorer.plugins.ip.nvic.MultiNvicIntPanel[,0,0,0x0,invalid,layout=javax.swing.BoxLayout,alignmentX=0.0,alignmentY=0.0,border=,flags=9,maximumSize=,minimumSize=,preferredSize=]
2025-08-03 12:14:54,094 [INFO] NvicIntPanel:101 - NVIC parent = com.st.microxplorer.plugins.ip.nvic.MultiNvicIntPanel[,0,0,0x0,invalid,layout=javax.swing.BoxLayout,alignmentX=0.0,alignmentY=0.0,border=,flags=9,maximumSize=,minimumSize=,preferredSize=]
2025-08-03 12:14:58,269 [INFO] NvicIntPanel:101 - NVIC parent = com.st.microxplorer.plugins.ip.nvic.MultiNvicIntPanel[,0,0,0x0,invalid,layout=javax.swing.BoxLayout,alignmentX=0.0,alignmentY=0.0,border=,flags=9,maximumSize=,minimumSize=,preferredSize=]
2025-08-03 12:14:58,398 [INFO] NvicIntPanel:101 - NVIC parent = com.st.microxplorer.plugins.ip.nvic.MultiNvicIntPanel[,0,0,0x0,invalid,layout=javax.swing.BoxLayout,alignmentX=0.0,alignmentY=0.0,border=,flags=9,maximumSize=,minimumSize=,preferredSize=]
2025-08-03 12:15:14,480 [INFO] NvicIntPanel:101 - NVIC parent = com.st.microxplorer.plugins.ip.nvic.MultiNvicIntPanel[,0,0,0x0,invalid,layout=javax.swing.BoxLayout,alignmentX=0.0,alignmentY=0.0,border=,flags=9,maximumSize=,minimumSize=,preferredSize=]
2025-08-03 12:15:14,634 [INFO] NvicIntPanel:101 - NVIC parent = com.st.microxplorer.plugins.ip.nvic.MultiNvicIntPanel[,0,0,0x0,invalid,layout=javax.swing.BoxLayout,alignmentX=0.0,alignmentY=0.0,border=,flags=9,maximumSize=,minimumSize=,preferredSize=]
2025-08-03 12:15:18,333 [INFO] NvicIntPanel:101 - NVIC parent = com.st.microxplorer.plugins.ip.nvic.MultiNvicIntPanel[,0,0,0x0,invalid,layout=javax.swing.BoxLayout,alignmentX=0.0,alignmentY=0.0,border=,flags=9,maximumSize=,minimumSize=,preferredSize=]
2025-08-03 12:15:18,474 [INFO] NvicIntPanel:101 - NVIC parent = com.st.microxplorer.plugins.ip.nvic.MultiNvicIntPanel[,0,0,0x0,invalid,layout=javax.swing.BoxLayout,alignmentX=0.0,alignmentY=0.0,border=,flags=9,maximumSize=,minimumSize=,preferredSize=]
2025-08-03 12:15:23,436 [INFO] NvicIntPanel:101 - NVIC parent = com.st.microxplorer.plugins.ip.nvic.MultiNvicIntPanel[,0,0,0x0,invalid,layout=javax.swing.BoxLayout,alignmentX=0.0,alignmentY=0.0,border=,flags=9,maximumSize=,minimumSize=,preferredSize=]
2025-08-03 12:15:23,592 [INFO] NvicIntPanel:101 - NVIC parent = com.st.microxplorer.plugins.ip.nvic.MultiNvicIntPanel[,0,0,0x0,invalid,layout=javax.swing.BoxLayout,alignmentX=0.0,alignmentY=0.0,border=,flags=9,maximumSize=,minimumSize=,preferredSize=]
2025-08-03 12:15:50,247 [INFO] NvicIntPanel:101 - NVIC parent = com.st.microxplorer.plugins.ip.nvic.MultiNvicIntPanel[,0,0,0x0,invalid,layout=javax.swing.BoxLayout,alignmentX=0.0,alignmentY=0.0,border=,flags=9,maximumSize=,minimumSize=,preferredSize=]
2025-08-03 12:15:50,298 [INFO] NvicIntPanel:101 - NVIC parent = com.st.microxplorer.plugins.ip.nvic.MultiNvicIntPanel[,0,0,0x0,invalid,layout=javax.swing.BoxLayout,alignmentX=0.0,alignmentY=0.0,border=,flags=9,maximumSize=,minimumSize=,preferredSize=]
2025-08-03 12:15:55,703 [INFO] NvicIntPanel:101 - NVIC parent = com.st.microxplorer.plugins.ip.nvic.MultiNvicIntPanel[,0,0,0x0,invalid,layout=javax.swing.BoxLayout,alignmentX=0.0,alignmentY=0.0,border=,flags=9,maximumSize=,minimumSize=,preferredSize=]
2025-08-03 12:15:55,758 [INFO] NvicIntPanel:101 - NVIC parent = com.st.microxplorer.plugins.ip.nvic.MultiNvicIntPanel[,0,0,0x0,invalid,layout=javax.swing.BoxLayout,alignmentX=0.0,alignmentY=0.0,border=,flags=9,maximumSize=,minimumSize=,preferredSize=]
2025-08-03 12:16:04,454 [INFO] NvicIntPanel:101 - NVIC parent = com.st.microxplorer.plugins.ip.nvic.MultiNvicIntPanel[,0,0,0x0,invalid,layout=javax.swing.BoxLayout,alignmentX=0.0,alignmentY=0.0,border=,flags=9,maximumSize=,minimumSize=,preferredSize=]
2025-08-03 12:16:04,499 [INFO] NvicIntPanel:101 - NVIC parent = com.st.microxplorer.plugins.ip.nvic.MultiNvicIntPanel[,0,0,0x0,invalid,layout=javax.swing.BoxLayout,alignmentX=0.0,alignmentY=0.0,border=,flags=9,maximumSize=,minimumSize=,preferredSize=]
2025-08-03 12:16:16,359 [INFO] NvicIntPanel:101 - NVIC parent = com.st.microxplorer.plugins.ip.nvic.MultiNvicIntPanel[,0,0,0x0,invalid,layout=javax.swing.BoxLayout,alignmentX=0.0,alignmentY=0.0,border=,flags=9,maximumSize=,minimumSize=,preferredSize=]
2025-08-03 12:16:16,420 [INFO] NvicIntPanel:101 - NVIC parent = com.st.microxplorer.plugins.ip.nvic.MultiNvicIntPanel[,0,0,0x0,invalid,layout=javax.swing.BoxLayout,alignmentX=0.0,alignmentY=0.0,border=,flags=9,maximumSize=,minimumSize=,preferredSize=]
2025-08-03 12:16:21,987 [INFO] NvicIntPanel:101 - NVIC parent = com.st.microxplorer.plugins.ip.nvic.MultiNvicIntPanel[,0,0,0x0,invalid,layout=javax.swing.BoxLayout,alignmentX=0.0,alignmentY=0.0,border=,flags=9,maximumSize=,minimumSize=,preferredSize=]
2025-08-03 12:16:26,935 [INFO] NvicIntPanel:101 - NVIC parent = com.st.microxplorer.plugins.ip.nvic.MultiNvicIntPanel[,0,0,0x0,invalid,layout=javax.swing.BoxLayout,alignmentX=0.0,alignmentY=0.0,border=,flags=9,maximumSize=,minimumSize=,preferredSize=]
2025-08-03 12:16:57,253 [INFO] NvicIntPanel:101 - NVIC parent = com.st.microxplorer.plugins.ip.nvic.MultiNvicIntPanel[,0,0,0x0,invalid,layout=javax.swing.BoxLayout,alignmentX=0.0,alignmentY=0.0,border=,flags=9,maximumSize=,minimumSize=,preferredSize=]
2025-08-03 12:16:57,325 [INFO] NvicIntPanel:101 - NVIC parent = com.st.microxplorer.plugins.ip.nvic.MultiNvicIntPanel[,0,0,0x0,invalid,layout=javax.swing.BoxLayout,alignmentX=0.0,alignmentY=0.0,border=,flags=9,maximumSize=,minimumSize=,preferredSize=]
2025-08-03 12:17:02,128 [INFO] NvicIntPanel:101 - NVIC parent = com.st.microxplorer.plugins.ip.nvic.MultiNvicIntPanel[,0,0,0x0,invalid,layout=javax.swing.BoxLayout,alignmentX=0.0,alignmentY=0.0,border=,flags=9,maximumSize=,minimumSize=,preferredSize=]
2025-08-03 12:17:02,200 [INFO] NvicIntPanel:101 - NVIC parent = com.st.microxplorer.plugins.ip.nvic.MultiNvicIntPanel[,0,0,0x0,invalid,layout=javax.swing.BoxLayout,alignmentX=0.0,alignmentY=0.0,border=,flags=9,maximumSize=,minimumSize=,preferredSize=]
2025-08-03 12:17:07,713 [INFO] NvicIntPanel:101 - NVIC parent = com.st.microxplorer.plugins.ip.nvic.MultiNvicIntPanel[,0,0,0x0,invalid,layout=javax.swing.BoxLayout,alignmentX=0.0,alignmentY=0.0,border=,flags=9,maximumSize=,minimumSize=,preferredSize=]
2025-08-03 12:17:07,773 [INFO] NvicIntPanel:101 - NVIC parent = com.st.microxplorer.plugins.ip.nvic.MultiNvicIntPanel[,0,0,0x0,invalid,layout=javax.swing.BoxLayout,alignmentX=0.0,alignmentY=0.0,border=,flags=9,maximumSize=,minimumSize=,preferredSize=]
2025-08-03 12:17:12,836 [INFO] NvicIntPanel:101 - NVIC parent = com.st.microxplorer.plugins.ip.nvic.MultiNvicIntPanel[,0,0,0x0,invalid,layout=javax.swing.BoxLayout,alignmentX=0.0,alignmentY=0.0,border=,flags=9,maximumSize=,minimumSize=,preferredSize=]
2025-08-03 12:17:12,895 [INFO] NvicIntPanel:101 - NVIC parent = com.st.microxplorer.plugins.ip.nvic.MultiNvicIntPanel[,0,0,0x0,invalid,layout=javax.swing.BoxLayout,alignmentX=0.0,alignmentY=0.0,border=,flags=9,maximumSize=,minimumSize=,preferredSize=]
2025-08-03 12:17:26,623 [INFO] NvicIntPanel:101 - NVIC parent = com.st.microxplorer.plugins.ip.nvic.MultiNvicIntPanel[,0,0,0x0,invalid,layout=javax.swing.BoxLayout,alignmentX=0.0,alignmentY=0.0,border=,flags=9,maximumSize=,minimumSize=,preferredSize=]
2025-08-03 12:17:26,672 [INFO] NvicIntPanel:101 - NVIC parent = com.st.microxplorer.plugins.ip.nvic.MultiNvicIntPanel[,0,0,0x0,invalid,layout=javax.swing.BoxLayout,alignmentX=0.0,alignmentY=0.0,border=,flags=9,maximumSize=,minimumSize=,preferredSize=]
2025-08-03 12:17:31,481 [INFO] NvicIntPanel:101 - NVIC parent = com.st.microxplorer.plugins.ip.nvic.MultiNvicIntPanel[,0,0,0x0,invalid,layout=javax.swing.BoxLayout,alignmentX=0.0,alignmentY=0.0,border=,flags=9,maximumSize=,minimumSize=,preferredSize=]
2025-08-03 12:17:31,537 [INFO] NvicIntPanel:101 - NVIC parent = com.st.microxplorer.plugins.ip.nvic.MultiNvicIntPanel[,0,0,0x0,invalid,layout=javax.swing.BoxLayout,alignmentX=0.0,alignmentY=0.0,border=,flags=9,maximumSize=,minimumSize=,preferredSize=]
2025-08-03 12:17:43,574 [INFO] NvicIntPanel:101 - NVIC parent = com.st.microxplorer.plugins.ip.nvic.MultiNvicIntPanel[,0,0,0x0,invalid,layout=javax.swing.BoxLayout,alignmentX=0.0,alignmentY=0.0,border=,flags=9,maximumSize=,minimumSize=,preferredSize=]
2025-08-03 12:17:43,622 [INFO] NvicIntPanel:101 - NVIC parent = com.st.microxplorer.plugins.ip.nvic.MultiNvicIntPanel[,0,0,0x0,invalid,layout=javax.swing.BoxLayout,alignmentX=0.0,alignmentY=0.0,border=,flags=9,maximumSize=,minimumSize=,preferredSize=]
2025-08-03 12:17:48,270 [INFO] NvicIntPanel:101 - NVIC parent = com.st.microxplorer.plugins.ip.nvic.MultiNvicIntPanel[,0,0,0x0,invalid,layout=javax.swing.BoxLayout,alignmentX=0.0,alignmentY=0.0,border=,flags=9,maximumSize=,minimumSize=,preferredSize=]
2025-08-03 12:17:48,345 [INFO] NvicIntPanel:101 - NVIC parent = com.st.microxplorer.plugins.ip.nvic.MultiNvicIntPanel[,0,0,0x0,invalid,layout=javax.swing.BoxLayout,alignmentX=0.0,alignmentY=0.0,border=,flags=9,maximumSize=,minimumSize=,preferredSize=]
2025-08-03 12:19:17,072 [INFO] NvicIntPanel:101 - NVIC parent = com.st.microxplorer.plugins.ip.nvic.MultiNvicIntPanel[,0,0,0x0,invalid,layout=javax.swing.BoxLayout,alignmentX=0.0,alignmentY=0.0,border=,flags=9,maximumSize=,minimumSize=,preferredSize=]
2025-08-03 12:19:17,134 [INFO] NvicIntPanel:101 - NVIC parent = com.st.microxplorer.plugins.ip.nvic.MultiNvicIntPanel[,0,0,0x0,invalid,layout=javax.swing.BoxLayout,alignmentX=0.0,alignmentY=0.0,border=,flags=9,maximumSize=,minimumSize=,preferredSize=]
2025-08-03 12:19:20,511 [INFO] NvicIntPanel:101 - NVIC parent = com.st.microxplorer.plugins.ip.nvic.MultiNvicIntPanel[,0,0,0x0,invalid,layout=javax.swing.BoxLayout,alignmentX=0.0,alignmentY=0.0,border=,flags=9,maximumSize=,minimumSize=,preferredSize=]
2025-08-03 12:19:20,557 [INFO] NvicIntPanel:101 - NVIC parent = com.st.microxplorer.plugins.ip.nvic.MultiNvicIntPanel[,0,0,0x0,invalid,layout=javax.swing.BoxLayout,alignmentX=0.0,alignmentY=0.0,border=,flags=9,maximumSize=,minimumSize=,preferredSize=]
2025-08-03 12:19:23,306 [INFO] NvicIntPanel:101 - NVIC parent = com.st.microxplorer.plugins.ip.nvic.MultiNvicIntPanel[,0,0,0x0,invalid,layout=javax.swing.BoxLayout,alignmentX=0.0,alignmentY=0.0,border=,flags=9,maximumSize=,minimumSize=,preferredSize=]
2025-08-03 12:19:23,366 [INFO] NvicIntPanel:101 - NVIC parent = com.st.microxplorer.plugins.ip.nvic.MultiNvicIntPanel[,0,0,0x0,invalid,layout=javax.swing.BoxLayout,alignmentX=0.0,alignmentY=0.0,border=,flags=9,maximumSize=,minimumSize=,preferredSize=]
2025-08-03 12:19:29,798 [INFO] NvicIntPanel:101 - NVIC parent = com.st.microxplorer.plugins.ip.nvic.MultiNvicIntPanel[,0,0,0x0,invalid,layout=javax.swing.BoxLayout,alignmentX=0.0,alignmentY=0.0,border=,flags=9,maximumSize=,minimumSize=,preferredSize=]
2025-08-03 12:19:29,846 [INFO] NvicIntPanel:101 - NVIC parent = com.st.microxplorer.plugins.ip.nvic.MultiNvicIntPanel[,0,0,0x0,invalid,layout=javax.swing.BoxLayout,alignmentX=0.0,alignmentY=0.0,border=,flags=9,maximumSize=,minimumSize=,preferredSize=]
2025-08-03 12:19:33,137 [INFO] NvicIntPanel:101 - NVIC parent = com.st.microxplorer.plugins.ip.nvic.MultiNvicIntPanel[,0,0,0x0,invalid,layout=javax.swing.BoxLayout,alignmentX=0.0,alignmentY=0.0,border=,flags=9,maximumSize=,minimumSize=,preferredSize=]
2025-08-03 12:19:33,201 [INFO] NvicIntPanel:101 - NVIC parent = com.st.microxplorer.plugins.ip.nvic.MultiNvicIntPanel[,0,0,0x0,invalid,layout=javax.swing.BoxLayout,alignmentX=0.0,alignmentY=0.0,border=,flags=9,maximumSize=,minimumSize=,preferredSize=]
2025-08-03 12:19:36,160 [INFO] NvicIntPanel:101 - NVIC parent = com.st.microxplorer.plugins.ip.nvic.MultiNvicIntPanel[,0,0,0x0,invalid,layout=javax.swing.BoxLayout,alignmentX=0.0,alignmentY=0.0,border=,flags=9,maximumSize=,minimumSize=,preferredSize=]
2025-08-03 12:19:36,230 [INFO] NvicIntPanel:101 - NVIC parent = com.st.microxplorer.plugins.ip.nvic.MultiNvicIntPanel[,0,0,0x0,invalid,layout=javax.swing.BoxLayout,alignmentX=0.0,alignmentY=0.0,border=,flags=9,maximumSize=,minimumSize=,preferredSize=]
2025-08-03 12:19:41,786 [INFO] NvicIntPanel:101 - NVIC parent = com.st.microxplorer.plugins.ip.nvic.MultiNvicIntPanel[,0,0,0x0,invalid,layout=javax.swing.BoxLayout,alignmentX=0.0,alignmentY=0.0,border=,flags=9,maximumSize=,minimumSize=,preferredSize=]
2025-08-03 12:19:41,842 [INFO] NvicIntPanel:101 - NVIC parent = com.st.microxplorer.plugins.ip.nvic.MultiNvicIntPanel[,0,0,0x0,invalid,layout=javax.swing.BoxLayout,alignmentX=0.0,alignmentY=0.0,border=,flags=9,maximumSize=,minimumSize=,preferredSize=]
2025-08-03 12:19:46,143 [INFO] NvicIntPanel:101 - NVIC parent = com.st.microxplorer.plugins.ip.nvic.MultiNvicIntPanel[,0,0,0x0,invalid,layout=javax.swing.BoxLayout,alignmentX=0.0,alignmentY=0.0,border=,flags=9,maximumSize=,minimumSize=,preferredSize=]
2025-08-03 12:19:46,213 [INFO] NvicIntPanel:101 - NVIC parent = com.st.microxplorer.plugins.ip.nvic.MultiNvicIntPanel[,0,0,0x0,invalid,layout=javax.swing.BoxLayout,alignmentX=0.0,alignmentY=0.0,border=,flags=9,maximumSize=,minimumSize=,preferredSize=]
2025-08-03 12:19:52,451 [INFO] NvicIntPanel:101 - NVIC parent = com.st.microxplorer.plugins.ip.nvic.MultiNvicIntPanel[,0,0,0x0,invalid,layout=javax.swing.BoxLayout,alignmentX=0.0,alignmentY=0.0,border=,flags=9,maximumSize=,minimumSize=,preferredSize=]
2025-08-03 12:19:52,504 [INFO] NvicIntPanel:101 - NVIC parent = com.st.microxplorer.plugins.ip.nvic.MultiNvicIntPanel[,0,0,0x0,invalid,layout=javax.swing.BoxLayout,alignmentX=0.0,alignmentY=0.0,border=,flags=9,maximumSize=,minimumSize=,preferredSize=]
2025-08-03 12:20:05,595 [INFO] NvicIntPanel:101 - NVIC parent = com.st.microxplorer.plugins.ip.nvic.MultiNvicIntPanel[,0,0,0x0,invalid,layout=javax.swing.BoxLayout,alignmentX=0.0,alignmentY=0.0,border=,flags=9,maximumSize=,minimumSize=,preferredSize=]
2025-08-03 12:20:05,642 [INFO] NvicIntPanel:101 - NVIC parent = com.st.microxplorer.plugins.ip.nvic.MultiNvicIntPanel[,0,0,0x0,invalid,layout=javax.swing.BoxLayout,alignmentX=0.0,alignmentY=0.0,border=,flags=9,maximumSize=,minimumSize=,preferredSize=]
2025-08-03 12:20:10,012 [INFO] NvicIntPanel:101 - NVIC parent = com.st.microxplorer.plugins.ip.nvic.MultiNvicIntPanel[,0,0,0x0,invalid,layout=javax.swing.BoxLayout,alignmentX=0.0,alignmentY=0.0,border=,flags=9,maximumSize=,minimumSize=,preferredSize=]
2025-08-03 12:20:10,053 [INFO] NvicIntPanel:101 - NVIC parent = com.st.microxplorer.plugins.ip.nvic.MultiNvicIntPanel[,0,0,0x0,invalid,layout=javax.swing.BoxLayout,alignmentX=0.0,alignmentY=0.0,border=,flags=9,maximumSize=,minimumSize=,preferredSize=]
2025-08-03 12:21:15,393 [INFO] NvicIntPanel:101 - NVIC parent = com.st.microxplorer.plugins.ip.nvic.MultiNvicIntPanel[,0,0,0x0,invalid,layout=javax.swing.BoxLayout,alignmentX=0.0,alignmentY=0.0,border=,flags=9,maximumSize=,minimumSize=,preferredSize=]
2025-08-03 12:21:15,441 [INFO] NvicIntPanel:101 - NVIC parent = com.st.microxplorer.plugins.ip.nvic.MultiNvicIntPanel[,0,0,0x0,invalid,layout=javax.swing.BoxLayout,alignmentX=0.0,alignmentY=0.0,border=,flags=9,maximumSize=,minimumSize=,preferredSize=]
2025-08-03 12:21:22,749 [INFO] NvicIntPanel:101 - NVIC parent = com.st.microxplorer.plugins.ip.nvic.MultiNvicIntPanel[,0,0,0x0,invalid,layout=javax.swing.BoxLayout,alignmentX=0.0,alignmentY=0.0,border=,flags=9,maximumSize=,minimumSize=,preferredSize=]
2025-08-03 12:21:22,790 [INFO] NvicIntPanel:101 - NVIC parent = com.st.microxplorer.plugins.ip.nvic.MultiNvicIntPanel[,0,0,0x0,invalid,layout=javax.swing.BoxLayout,alignmentX=0.0,alignmentY=0.0,border=,flags=9,maximumSize=,minimumSize=,preferredSize=]
2025-08-03 12:21:26,751 [INFO] NvicIntPanel:101 - NVIC parent = com.st.microxplorer.plugins.ip.nvic.MultiNvicIntPanel[,0,0,0x0,invalid,layout=javax.swing.BoxLayout,alignmentX=0.0,alignmentY=0.0,border=,flags=9,maximumSize=,minimumSize=,preferredSize=]
2025-08-03 12:21:29,332 [INFO] NvicIntPanel:101 - NVIC parent = com.st.microxplorer.plugins.ip.nvic.MultiNvicIntPanel[,0,0,0x0,invalid,layout=javax.swing.BoxLayout,alignmentX=0.0,alignmentY=0.0,border=,flags=9,maximumSize=,minimumSize=,preferredSize=]
2025-08-03 12:21:35,813 [INFO] NvicIntPanel:101 - NVIC parent = com.st.microxplorer.plugins.ip.nvic.MultiNvicIntPanel[,0,0,0x0,invalid,layout=javax.swing.BoxLayout,alignmentX=0.0,alignmentY=0.0,border=,flags=9,maximumSize=,minimumSize=,preferredSize=]
2025-08-03 12:21:35,863 [INFO] NvicIntPanel:101 - NVIC parent = com.st.microxplorer.plugins.ip.nvic.MultiNvicIntPanel[,0,0,0x0,invalid,layout=javax.swing.BoxLayout,alignmentX=0.0,alignmentY=0.0,border=,flags=9,maximumSize=,minimumSize=,preferredSize=]
2025-08-03 12:21:38,911 [INFO] NvicIntPanel:101 - NVIC parent = com.st.microxplorer.plugins.ip.nvic.MultiNvicIntPanel[,0,0,0x0,invalid,layout=javax.swing.BoxLayout,alignmentX=0.0,alignmentY=0.0,border=,flags=9,maximumSize=,minimumSize=,preferredSize=]
2025-08-03 12:21:40,435 [INFO] NvicIntPanel:101 - NVIC parent = com.st.microxplorer.plugins.ip.nvic.MultiNvicIntPanel[,0,0,0x0,invalid,layout=javax.swing.BoxLayout,alignmentX=0.0,alignmentY=0.0,border=,flags=9,maximumSize=,minimumSize=,preferredSize=]
2025-08-03 12:21:48,954 [INFO] NvicIntPanel:101 - NVIC parent = com.st.microxplorer.plugins.ip.nvic.MultiNvicIntPanel[,0,0,0x0,invalid,layout=javax.swing.BoxLayout,alignmentX=0.0,alignmentY=0.0,border=,flags=9,maximumSize=,minimumSize=,preferredSize=]
2025-08-03 12:21:49,006 [INFO] NvicIntPanel:101 - NVIC parent = com.st.microxplorer.plugins.ip.nvic.MultiNvicIntPanel[,0,0,0x0,invalid,layout=javax.swing.BoxLayout,alignmentX=0.0,alignmentY=0.0,border=,flags=9,maximumSize=,minimumSize=,preferredSize=]
2025-08-03 12:21:54,258 [INFO] NvicIntPanel:101 - NVIC parent = com.st.microxplorer.plugins.ip.nvic.MultiNvicIntPanel[,0,0,0x0,invalid,layout=javax.swing.BoxLayout,alignmentX=0.0,alignmentY=0.0,border=,flags=9,maximumSize=,minimumSize=,preferredSize=]
2025-08-03 12:21:54,309 [INFO] NvicIntPanel:101 - NVIC parent = com.st.microxplorer.plugins.ip.nvic.MultiNvicIntPanel[,0,0,0x0,invalid,layout=javax.swing.BoxLayout,alignmentX=0.0,alignmentY=0.0,border=,flags=9,maximumSize=,minimumSize=,preferredSize=]
2025-08-03 12:21:58,441 [INFO] NvicIntPanel:101 - NVIC parent = com.st.microxplorer.plugins.ip.nvic.MultiNvicIntPanel[,0,0,0x0,invalid,layout=javax.swing.BoxLayout,alignmentX=0.0,alignmentY=0.0,border=,flags=9,maximumSize=,minimumSize=,preferredSize=]
2025-08-03 12:21:58,487 [INFO] NvicIntPanel:101 - NVIC parent = com.st.microxplorer.plugins.ip.nvic.MultiNvicIntPanel[,0,0,0x0,invalid,layout=javax.swing.BoxLayout,alignmentX=0.0,alignmentY=0.0,border=,flags=9,maximumSize=,minimumSize=,preferredSize=]
2025-08-03 12:22:03,389 [INFO] NvicIntPanel:101 - NVIC parent = com.st.microxplorer.plugins.ip.nvic.MultiNvicIntPanel[,0,0,0x0,invalid,layout=javax.swing.BoxLayout,alignmentX=0.0,alignmentY=0.0,border=,flags=9,maximumSize=,minimumSize=,preferredSize=]
2025-08-03 12:22:03,444 [INFO] NvicIntPanel:101 - NVIC parent = com.st.microxplorer.plugins.ip.nvic.MultiNvicIntPanel[,0,0,0x0,invalid,layout=javax.swing.BoxLayout,alignmentX=0.0,alignmentY=0.0,border=,flags=9,maximumSize=,minimumSize=,preferredSize=]
2025-08-03 12:22:07,490 [INFO] NvicIntPanel:101 - NVIC parent = com.st.microxplorer.plugins.ip.nvic.MultiNvicIntPanel[,0,0,0x0,invalid,layout=javax.swing.BoxLayout,alignmentX=0.0,alignmentY=0.0,border=,flags=9,maximumSize=,minimumSize=,preferredSize=]
2025-08-03 12:22:07,546 [INFO] NvicIntPanel:101 - NVIC parent = com.st.microxplorer.plugins.ip.nvic.MultiNvicIntPanel[,0,0,0x0,invalid,layout=javax.swing.BoxLayout,alignmentX=0.0,alignmentY=0.0,border=,flags=9,maximumSize=,minimumSize=,preferredSize=]
2025-08-03 12:22:10,339 [INFO] NvicIntPanel:101 - NVIC parent = com.st.microxplorer.plugins.ip.nvic.MultiNvicIntPanel[,0,0,0x0,invalid,layout=javax.swing.BoxLayout,alignmentX=0.0,alignmentY=0.0,border=,flags=9,maximumSize=,minimumSize=,preferredSize=]
2025-08-03 12:22:10,403 [INFO] NvicIntPanel:101 - NVIC parent = com.st.microxplorer.plugins.ip.nvic.MultiNvicIntPanel[,0,0,0x0,invalid,layout=javax.swing.BoxLayout,alignmentX=0.0,alignmentY=0.0,border=,flags=9,maximumSize=,minimumSize=,preferredSize=]
2025-08-03 12:22:19,653 [INFO] NvicIntPanel:101 - NVIC parent = com.st.microxplorer.plugins.ip.nvic.MultiNvicIntPanel[,0,0,0x0,invalid,layout=javax.swing.BoxLayout,alignmentX=0.0,alignmentY=0.0,border=,flags=9,maximumSize=,minimumSize=,preferredSize=]
2025-08-03 12:22:19,713 [INFO] NvicIntPanel:101 - NVIC parent = com.st.microxplorer.plugins.ip.nvic.MultiNvicIntPanel[,0,0,0x0,invalid,layout=javax.swing.BoxLayout,alignmentX=0.0,alignmentY=0.0,border=,flags=9,maximumSize=,minimumSize=,preferredSize=]
2025-08-03 12:22:27,794 [INFO] NvicIntPanel:101 - NVIC parent = com.st.microxplorer.plugins.ip.nvic.MultiNvicIntPanel[,0,0,0x0,invalid,layout=javax.swing.BoxLayout,alignmentX=0.0,alignmentY=0.0,border=,flags=9,maximumSize=,minimumSize=,preferredSize=]
2025-08-03 12:22:27,836 [INFO] NvicIntPanel:101 - NVIC parent = com.st.microxplorer.plugins.ip.nvic.MultiNvicIntPanel[,0,0,0x0,invalid,layout=javax.swing.BoxLayout,alignmentX=0.0,alignmentY=0.0,border=,flags=9,maximumSize=,minimumSize=,preferredSize=]
2025-08-03 12:22:41,906 [INFO] NvicIntPanel:101 - NVIC parent = com.st.microxplorer.plugins.ip.nvic.MultiNvicIntPanel[,0,0,0x0,invalid,layout=javax.swing.BoxLayout,alignmentX=0.0,alignmentY=0.0,border=,flags=9,maximumSize=,minimumSize=,preferredSize=]
2025-08-03 12:22:41,959 [INFO] NvicIntPanel:101 - NVIC parent = com.st.microxplorer.plugins.ip.nvic.MultiNvicIntPanel[,0,0,0x0,invalid,layout=javax.swing.BoxLayout,alignmentX=0.0,alignmentY=0.0,border=,flags=9,maximumSize=,minimumSize=,preferredSize=]
2025-08-03 12:22:46,406 [INFO] NvicIntPanel:101 - NVIC parent = com.st.microxplorer.plugins.ip.nvic.MultiNvicIntPanel[,0,0,0x0,invalid,layout=javax.swing.BoxLayout,alignmentX=0.0,alignmentY=0.0,border=,flags=9,maximumSize=,minimumSize=,preferredSize=]
2025-08-03 12:22:46,447 [INFO] NvicIntPanel:101 - NVIC parent = com.st.microxplorer.plugins.ip.nvic.MultiNvicIntPanel[,0,0,0x0,invalid,layout=javax.swing.BoxLayout,alignmentX=0.0,alignmentY=0.0,border=,flags=9,maximumSize=,minimumSize=,preferredSize=]
2025-08-03 12:23:05,136 [INFO] NvicIntPanel:101 - NVIC parent = com.st.microxplorer.plugins.ip.nvic.MultiNvicIntPanel[,0,0,0x0,invalid,layout=javax.swing.BoxLayout,alignmentX=0.0,alignmentY=0.0,border=,flags=9,maximumSize=,minimumSize=,preferredSize=]
2025-08-03 12:23:05,181 [INFO] NvicIntPanel:101 - NVIC parent = com.st.microxplorer.plugins.ip.nvic.MultiNvicIntPanel[,0,0,0x0,invalid,layout=javax.swing.BoxLayout,alignmentX=0.0,alignmentY=0.0,border=,flags=9,maximumSize=,minimumSize=,preferredSize=]
2025-08-03 12:23:41,736 [INFO] NvicIntPanel:101 - NVIC parent = com.st.microxplorer.plugins.ip.nvic.MultiNvicIntPanel[,0,0,0x0,invalid,layout=javax.swing.BoxLayout,alignmentX=0.0,alignmentY=0.0,border=,flags=9,maximumSize=,minimumSize=,preferredSize=]
2025-08-03 12:23:48,491 [INFO] UtilMem:75 - End SaveConfig() Used Memory: 702432688 Bytes (933232640)
2025-08-03 12:23:48,639 [ERROR] ConfigurationRetriever:142 - IOException on connection: sw-center.st.com
2025-08-03 12:23:48,642 [ERROR] ConfigurationRetriever:142 - IOException on connection: sw-center.st.com
2025-08-03 12:23:48,643 [ERROR] ConfigurationRetriever:142 - IOException on connection: sw-center.st.com
2025-08-03 12:23:52,194 [INFO] UtilMem:75 - End SaveConfig() Used Memory: 775719536 Bytes (933232640)
2025-08-03 12:23:52,249 [ERROR] ConfigurationRetriever:142 - IOException on connection: sw-center.st.com
2025-08-03 12:23:52,250 [ERROR] ConfigurationRetriever:142 - IOException on connection: sw-center.st.com
2025-08-03 12:23:52,251 [ERROR] ConfigurationRetriever:142 - IOException on connection: sw-center.st.com
2025-08-03 12:23:52,675 [INFO] BlockDiagram:2775 - set Specific Code input for plugin: NVIC
2025-08-03 12:23:52,676 [INFO] BlockDiagram:2775 - set Specific Code input for plugin: SYS
2025-08-03 12:23:52,676 [INFO] BlockDiagram:2775 - set Specific Code input for plugin: GPIO
2025-08-03 12:23:52,676 [INFO] BlockDiagram:2775 - set Specific Code input for plugin: ADC
2025-08-03 12:23:52,676 [INFO] BlockDiagram:2775 - set Specific Code input for plugin: USART
2025-08-03 12:23:52,676 [INFO] BlockDiagram:2775 - set Specific Code input for plugin: CAN
2025-08-03 12:23:52,676 [INFO] BlockDiagram:2775 - set Specific Code input for plugin: RCC
2025-08-03 12:23:52,676 [INFO] BlockDiagram:2775 - set Specific Code input for plugin: I2C
2025-08-03 12:23:52,676 [INFO] BlockDiagram:2775 - set Specific Code input for plugin: TIM1_8F1
2025-08-03 12:23:52,678 [INFO] CodeGenerator:892 - code generatio: config db path: C:\ST\STM32CubeIDE_1.19.0\STM32CubeIDE\plugins\com.st.stm32cube.common.mx_6.15.0.202507011659\\db\
2025-08-03 12:23:52,686 [WARN] IP:2250 - I2C_Coeff_DF not found: check if there is a RefParameter without a condition.
2025-08-03 12:23:52,686 [WARN] IP:2250 - Analog_Filter not found: check if there is a RefParameter without a condition.
2025-08-03 12:23:52,810 [INFO] CodeEngine:265 - oldGeneratedFile, C:\Users\sopan\STM32CubeIDE\workspace_1.19.0\STM32F103C6T6A_ADC_1.2\MXTmpFiles\license.tmp_save
2025-08-03 12:23:53,316 [INFO] CodeEngine:289 - Generated code: C:\Users\sopan\STM32CubeIDE\workspace_1.19.0\STM32F103C6T6A_ADC_1.2\MXTmpFiles\license.tmp
2025-08-03 12:23:53,376 [INFO] CodeEngine:265 - oldGeneratedFile, C:\Users\sopan\STM32CubeIDE\workspace_1.19.0\STM32F103C6T6A_ADC_1.2\MXTmpFiles\gpio.tmp_save
2025-08-03 12:23:53,627 [INFO] CodeEngine:289 - Generated code: C:\Users\sopan\STM32CubeIDE\workspace_1.19.0\STM32F103C6T6A_ADC_1.2\MXTmpFiles\gpio.tmp
2025-08-03 12:23:53,943 [INFO] CodeEngine:265 - oldGeneratedFile, C:\Users\sopan\STM32CubeIDE\workspace_1.19.0\STM32F103C6T6A_ADC_1.2\Core\Src\stm32f1xx_it.c_save
2025-08-03 12:23:54,286 [INFO] CodeEngine:289 - Generated code: C:\Users\sopan\STM32CubeIDE\workspace_1.19.0\STM32F103C6T6A_ADC_1.2\Core\Src\stm32f1xx_it.c
2025-08-03 12:23:54,295 [INFO] CodeEngine:265 - oldGeneratedFile, C:\Users\sopan\STM32CubeIDE\workspace_1.19.0\STM32F103C6T6A_ADC_1.2\Core\Inc\stm32f1xx_it.h_save
2025-08-03 12:23:54,421 [INFO] CodeEngine:289 - Generated code: C:\Users\sopan\STM32CubeIDE\workspace_1.19.0\STM32F103C6T6A_ADC_1.2\Core\Inc\stm32f1xx_it.h
2025-08-03 12:23:54,439 [INFO] CodeEngine:265 - oldGeneratedFile, C:\Users\sopan\STM32CubeIDE\workspace_1.19.0\STM32F103C6T6A_ADC_1.2\Core\Src\stm32f1xx_hal_msp.c_save
2025-08-03 12:23:54,692 [INFO] CodeEngine:289 - Generated code: C:\Users\sopan\STM32CubeIDE\workspace_1.19.0\STM32F103C6T6A_ADC_1.2\Core\Src\stm32f1xx_hal_msp.c
2025-08-03 12:23:54,699 [INFO] CodeEngine:265 - oldGeneratedFile, C:\Users\sopan\STM32CubeIDE\workspace_1.19.0\STM32F103C6T6A_ADC_1.2\MXTmpFiles\system.tmp_save
2025-08-03 12:23:54,811 [INFO] CodeEngine:289 - Generated code: C:\Users\sopan\STM32CubeIDE\workspace_1.19.0\STM32F103C6T6A_ADC_1.2\MXTmpFiles\system.tmp
2025-08-03 12:23:54,830 [INFO] CodeEngine:321 - oldGeneratedFile, C:\Users\sopan\STM32CubeIDE\workspace_1.19.0\STM32F103C6T6A_ADC_1.2\Core\Inc\stm32f1xx_hal_conf.h_save
2025-08-03 12:23:54,927 [INFO] CodeEngine:345 - Generated code: C:\Users\sopan\STM32CubeIDE\workspace_1.19.0\STM32F103C6T6A_ADC_1.2\Core\Inc\stm32f1xx_hal_conf.h
2025-08-03 12:23:54,953 [WARN] IPConfigManager:3811 - IP not found : TIM
2025-08-03 12:23:54,954 [WARN] CodeGenerator:4259 - IP not found : null
2025-08-03 12:23:54,964 [INFO] CodeEngine:265 - oldGeneratedFile, C:\Users\sopan\STM32CubeIDE\workspace_1.19.0\STM32F103C6T6A_ADC_1.2\Core\Inc\main.h_save
2025-08-03 12:23:55,066 [INFO] CodeEngine:289 - Generated code: C:\Users\sopan\STM32CubeIDE\workspace_1.19.0\STM32F103C6T6A_ADC_1.2\Core\Inc\main.h
2025-08-03 12:23:55,077 [INFO] CodeEngine:265 - oldGeneratedFile, C:\Users\sopan\STM32CubeIDE\workspace_1.19.0\STM32F103C6T6A_ADC_1.2\Core\Src\main.c_save
2025-08-03 12:23:55,220 [INFO] CodeEngine:289 - Generated code: C:\Users\sopan\STM32CubeIDE\workspace_1.19.0\STM32F103C6T6A_ADC_1.2\Core\Src\main.c
2025-08-03 12:23:55,833 [INFO] ProjectBuilder:3606 - Time for Copy HAL[1] : 235mS.
2025-08-03 12:23:55,843 [INFO] ProjectBuilder:5216 - Project Generator version: 4.7.0-B52
2025-08-03 12:23:55,938 [INFO] ConfigFileManager:1595 - The Die is : DIE412
2025-08-03 12:23:57,550 [INFO] ProjectBuilder:5496 - Time for Generating toolchain IDE Files: 1707mS.
2025-08-03 12:23:57,551 [INFO] ProjectBuilder:3463 - Time for Copy CMSIS : 0mS.
2025-08-03 12:23:57,557 [INFO] ProjectBuilder:3463 - Time for Copy CMSIS : 0mS.
