2025-08-03 12:35:18,246 [ERROR] ConfigurationRetriever:142 - IOException on connection: sw-center.st.com
2025-08-03 12:35:18,272 [ERROR] ConfigurationRetriever:142 - IOException on connection: sw-center.st.com
2025-08-03 12:35:18,272 [ERROR] ConfigurationRetriever:142 - IOException on connection: sw-center.st.com
2025-08-03 15:33:28,180 [INFO] NvicIntPanel:101 - NVIC parent = com.st.microxplorer.plugins.ip.nvic.MultiNvicIntPanel[,0,0,0x0,invalid,layout=javax.swing.BoxLayout,alignmentX=0.0,alignmentY=0.0,border=,flags=9,maximumSize=,minimumSize=,preferredSize=]
2025-08-03 15:33:35,868 [INFO] UtilMem:75 - End SaveConfig() Used Memory: 575122768 Bytes (933232640)
2025-08-03 15:33:41,537 [INFO] UtilMem:75 - End SaveConfig() Used Memory: 644621312 Bytes (933232640)
2025-08-03 15:33:42,118 [INFO] BlockDiagram:2775 - set Specific Code input for plugin: NVIC
2025-08-03 15:33:42,118 [INFO] BlockDiagram:2775 - set Specific Code input for plugin: SYS
2025-08-03 15:33:42,120 [INFO] BlockDiagram:2775 - set Specific Code input for plugin: GPIO
2025-08-03 15:33:42,120 [INFO] BlockDiagram:2775 - set Specific Code input for plugin: ADC
2025-08-03 15:33:42,120 [INFO] BlockDiagram:2775 - set Specific Code input for plugin: USART
2025-08-03 15:33:42,121 [INFO] BlockDiagram:2775 - set Specific Code input for plugin: CAN
2025-08-03 15:33:42,121 [INFO] BlockDiagram:2775 - set Specific Code input for plugin: RCC
2025-08-03 15:33:42,121 [INFO] BlockDiagram:2775 - set Specific Code input for plugin: I2C
2025-08-03 15:33:42,121 [INFO] BlockDiagram:2775 - set Specific Code input for plugin: TIM1_8F1
2025-08-03 15:33:42,123 [INFO] CodeGenerator:892 - code generatio: config db path: C:\ST\STM32CubeIDE_1.19.0\STM32CubeIDE\plugins\com.st.stm32cube.common.mx_6.15.0.202507011659\\db\
2025-08-03 15:33:42,135 [WARN] IP:2250 - I2C_Coeff_DF not found: check if there is a RefParameter without a condition.
2025-08-03 15:33:42,135 [WARN] IP:2250 - Analog_Filter not found: check if there is a RefParameter without a condition.
2025-08-03 15:33:42,319 [INFO] CodeEngine:265 - oldGeneratedFile, C:\Users\sopan\STM32CubeIDE\workspace_1.19.0\STM32F103C6T6A_ADC_1.2\MXTmpFiles\license.tmp_save
2025-08-03 15:33:42,666 [INFO] CodeEngine:289 - Generated code: C:\Users\sopan\STM32CubeIDE\workspace_1.19.0\STM32F103C6T6A_ADC_1.2\MXTmpFiles\license.tmp
2025-08-03 15:33:42,741 [INFO] CodeEngine:265 - oldGeneratedFile, C:\Users\sopan\STM32CubeIDE\workspace_1.19.0\STM32F103C6T6A_ADC_1.2\MXTmpFiles\gpio.tmp_save
2025-08-03 15:33:42,937 [INFO] CodeEngine:289 - Generated code: C:\Users\sopan\STM32CubeIDE\workspace_1.19.0\STM32F103C6T6A_ADC_1.2\MXTmpFiles\gpio.tmp
2025-08-03 15:33:43,258 [INFO] CodeEngine:265 - oldGeneratedFile, C:\Users\sopan\STM32CubeIDE\workspace_1.19.0\STM32F103C6T6A_ADC_1.2\Core\Src\stm32f1xx_it.c_save
2025-08-03 15:33:43,509 [INFO] CodeEngine:289 - Generated code: C:\Users\sopan\STM32CubeIDE\workspace_1.19.0\STM32F103C6T6A_ADC_1.2\Core\Src\stm32f1xx_it.c
2025-08-03 15:33:43,517 [INFO] CodeEngine:265 - oldGeneratedFile, C:\Users\sopan\STM32CubeIDE\workspace_1.19.0\STM32F103C6T6A_ADC_1.2\Core\Inc\stm32f1xx_it.h_save
2025-08-03 15:33:43,627 [INFO] CodeEngine:289 - Generated code: C:\Users\sopan\STM32CubeIDE\workspace_1.19.0\STM32F103C6T6A_ADC_1.2\Core\Inc\stm32f1xx_it.h
2025-08-03 15:33:43,650 [INFO] CodeEngine:265 - oldGeneratedFile, C:\Users\sopan\STM32CubeIDE\workspace_1.19.0\STM32F103C6T6A_ADC_1.2\Core\Src\stm32f1xx_hal_msp.c_save
2025-08-03 15:33:43,855 [INFO] CodeEngine:289 - Generated code: C:\Users\sopan\STM32CubeIDE\workspace_1.19.0\STM32F103C6T6A_ADC_1.2\Core\Src\stm32f1xx_hal_msp.c
2025-08-03 15:33:43,863 [INFO] CodeEngine:265 - oldGeneratedFile, C:\Users\sopan\STM32CubeIDE\workspace_1.19.0\STM32F103C6T6A_ADC_1.2\MXTmpFiles\system.tmp_save
2025-08-03 15:33:43,954 [INFO] CodeEngine:289 - Generated code: C:\Users\sopan\STM32CubeIDE\workspace_1.19.0\STM32F103C6T6A_ADC_1.2\MXTmpFiles\system.tmp
2025-08-03 15:33:43,968 [INFO] CodeEngine:321 - oldGeneratedFile, C:\Users\sopan\STM32CubeIDE\workspace_1.19.0\STM32F103C6T6A_ADC_1.2\Core\Inc\stm32f1xx_hal_conf.h_save
2025-08-03 15:33:44,070 [INFO] CodeEngine:345 - Generated code: C:\Users\sopan\STM32CubeIDE\workspace_1.19.0\STM32F103C6T6A_ADC_1.2\Core\Inc\stm32f1xx_hal_conf.h
2025-08-03 15:33:44,093 [WARN] IPConfigManager:3811 - IP not found : TIM
2025-08-03 15:33:44,095 [WARN] CodeGenerator:4259 - IP not found : null
2025-08-03 15:33:44,105 [INFO] CodeEngine:265 - oldGeneratedFile, C:\Users\sopan\STM32CubeIDE\workspace_1.19.0\STM32F103C6T6A_ADC_1.2\Core\Inc\main.h_save
2025-08-03 15:33:44,212 [INFO] CodeEngine:289 - Generated code: C:\Users\sopan\STM32CubeIDE\workspace_1.19.0\STM32F103C6T6A_ADC_1.2\Core\Inc\main.h
2025-08-03 15:33:44,221 [INFO] CodeEngine:265 - oldGeneratedFile, C:\Users\sopan\STM32CubeIDE\workspace_1.19.0\STM32F103C6T6A_ADC_1.2\Core\Src\main.c_save
2025-08-03 15:33:44,330 [INFO] CodeEngine:289 - Generated code: C:\Users\sopan\STM32CubeIDE\workspace_1.19.0\STM32F103C6T6A_ADC_1.2\Core\Src\main.c
2025-08-03 15:33:44,737 [INFO] ProjectBuilder:3606 - Time for Copy HAL[1] : 216mS.
2025-08-03 15:33:44,743 [INFO] ProjectBuilder:5216 - Project Generator version: 4.7.0-B52
2025-08-03 15:33:44,845 [INFO] ConfigFileManager:1595 - The Die is : DIE412
2025-08-03 15:33:46,160 [INFO] ProjectBuilder:5496 - Time for Generating toolchain IDE Files: 1416mS.
2025-08-03 15:33:46,162 [INFO] ProjectBuilder:3463 - Time for Copy CMSIS : 1mS.
2025-08-03 15:33:46,165 [INFO] ProjectBuilder:3463 - Time for Copy CMSIS : 0mS.
