2025-08-02 00:06:59,205 [INFO] MainUpdater:2872 - connection check result : 10
2025-08-02 00:06:59,216 [INFO] MainUpdater:2872 - connection check result : 10
2025-08-02 00:06:59,280 [INFO] MicroXplorer:468 - Change Database Path : 
2025-08-02 00:06:59,280 [INFO] MicroXplorer:498 - Change Database Version : DB.6.0.150
2025-08-02 00:06:59,304 [ERROR] ProjectManagerView:395 - 
java.lang.NullPointerException: Cannot invoke "javax.swing.JTextField.getText()" because the return value of "java.util.List.get(int)" is null
	at com.st.microxplorer.plugins.projectmanager.gui.ProjectChoiceTab$9.caretUpdate(ProjectChoiceTab.java:2706) ~[filemanager.jar:?]
	at javax.swing.text.JTextComponent.fireCaretUpdate(JTextComponent.java:408) ~[?:?]
	at javax.swing.text.JTextComponent$MutableCaretEvent.fire(JTextComponent.java:4484) ~[?:?]
	at javax.swing.text.JTextComponent$MutableCaretEvent.stateChanged(JTextComponent.java:4506) ~[?:?]
	at javax.swing.text.DefaultCaret.fireStateChanged(DefaultCaret.java:857) ~[?:?]
	at javax.swing.text.DefaultCaret.changeCaretPosition(DefaultCaret.java:1343) ~[?:?]
	at javax.swing.text.DefaultCaret.handleSetDot(DefaultCaret.java:1242) ~[?:?]
	at javax.swing.text.DefaultCaret.setDot(DefaultCaret.java:1223) ~[?:?]
	at javax.swing.text.DefaultCaret$Handler.insertUpdate(DefaultCaret.java:1819) ~[?:?]
	at javax.swing.text.AbstractDocument.fireInsertUpdate(AbstractDocument.java:227) ~[?:?]
	at javax.swing.text.AbstractDocument.handleInsertString(AbstractDocument.java:781) ~[?:?]
	at javax.swing.text.AbstractDocument.insertString(AbstractDocument.java:740) ~[?:?]
	at javax.swing.text.PlainDocument.insertString(PlainDocument.java:131) ~[?:?]
	at javax.swing.text.AbstractDocument.replace(AbstractDocument.java:699) ~[?:?]
	at javax.swing.text.JTextComponent.setText(JTextComponent.java:1725) ~[?:?]
	at com.st.microxplorer.plugins.projectmanager.gui.ProjectChoiceTab.createHeapStackFields(ProjectChoiceTab.java:993) ~[filemanager.jar:?]
	at com.st.microxplorer.plugins.projectmanager.gui.ProjectChoiceTab.buildLinkSettingsPanel(ProjectChoiceTab.java:3813) ~[filemanager.jar:?]
	at com.st.microxplorer.plugins.projectmanager.gui.ProjectChoiceTab.defineWindowsFields(ProjectChoiceTab.java:1987) ~[filemanager.jar:?]
	at com.st.microxplorer.plugins.projectmanager.gui.ProjectChoiceTab.updateSettings(ProjectChoiceTab.java:558) ~[filemanager.jar:?]
	at com.st.microxplorer.plugins.projectmanager.gui.ProjectSettingsPanel.UpdateDialog(ProjectSettingsPanel.java:247) ~[filemanager.jar:?]
	at com.st.microxplorer.plugins.projectmanager.ProjectManagerView.propertyChange(ProjectManagerView.java:392) ~[filemanager.jar:?]
	at java.beans.PropertyChangeSupport.fire(PropertyChangeSupport.java:343) ~[?:?]
	at java.beans.PropertyChangeSupport.firePropertyChange(PropertyChangeSupport.java:335) ~[?:?]
	at java.beans.PropertyChangeSupport.firePropertyChange(PropertyChangeSupport.java:268) ~[?:?]
	at com.st.microxplorer.util.MXPropertyChangeSupport.firePropertyChange(MXPropertyChangeSupport.java:54) ~[STM32CubeMX.jar:?]
	at com.st.microxplorer.mxsystem.MxSystem.closeConfig(MxSystem.java:899) ~[STM32CubeMX.jar:?]
	at com.st.microxplorer.maingui.MainPanel.closeConfig(MainPanel.java:792) ~[STM32CubeMX.jar:?]
	at com.st.microxplorer.plugins.filemanager.engine.OpenFileManager.loadConfigurationFile(OpenFileManager.java:288) ~[filemanager.jar:?]
	at com.st.microxplorer.plugins.filemanager.engine.MainFileManager.userLoadConfig(MainFileManager.java:364) ~[filemanager.jar:?]
	at com.st.microxplorer.plugins.filemanager.engine.MainFileManager.userLoadConfig(MainFileManager.java:342) ~[filemanager.jar:?]
	at com.st.microxplorer.plugins.filemanager.FileManagerView.getSpecificTask(FileManagerView.java:264) ~[filemanager.jar:?]
	at com.st.stm32cube.common.mx.editor.CubeMxEditor.getMxTabbedPaneInstance(CubeMxEditor.java:1198) ~[com.st.stm32cube.common.mx_6.15.0.202507011659/:?]
	at com.st.stm32cube.common.mx.editor.CubeMxEditor$12$1.createSwingComponent(CubeMxEditor.java:1068) ~[com.st.stm32cube.common.mx_6.15.0.202507011659/:?]
	at com.st.stm32cube.common.mx.oss.core.awtswtbridge.EmbeddedSwingComposite.doComponentCreation(EmbeddedSwingComposite.java:492) ~[com.st.stm32cube.common.mx.oss_6.15.0.202507011659/:?]
	at com.st.stm32cube.common.mx.oss.core.awtswtbridge.EmbeddedSwingComposite$4.run(EmbeddedSwingComposite.java:291) ~[com.st.stm32cube.common.mx.oss_6.15.0.202507011659/:?]
	at com.st.stm32cube.common.mx.oss.core.awtswtbridge.AwtEnvironment$2.run(AwtEnvironment.java:166) ~[com.st.stm32cube.common.mx.oss_6.15.0.202507011659/:?]
	at java.awt.event.InvocationEvent.dispatch(InvocationEvent.java:318) ~[?:?]
	at java.awt.EventQueue.dispatchEventImpl(EventQueue.java:773) ~[?:?]
	at java.awt.EventQueue$4.run(EventQueue.java:720) ~[?:?]
	at java.awt.EventQueue$4.run(EventQueue.java:714) ~[?:?]
	at java.security.AccessController.doPrivileged(AccessController.java:400) ~[?:?]
	at java.security.ProtectionDomain$JavaSecurityAccessImpl.doIntersectionPrivilege(ProtectionDomain.java:87) ~[?:?]
	at java.awt.EventQueue.dispatchEvent(EventQueue.java:742) ~[?:?]
	at java.awt.EventDispatchThread.pumpOneEventForFilters(EventDispatchThread.java:203) ~[?:?]
	at java.awt.EventDispatchThread.pumpEventsForFilter(EventDispatchThread.java:124) ~[?:?]
	at java.awt.EventDispatchThread.pumpEventsForHierarchy(EventDispatchThread.java:113) ~[?:?]
	at java.awt.EventDispatchThread.pumpEvents(EventDispatchThread.java:109) ~[?:?]
	at java.awt.EventDispatchThread.pumpEvents(EventDispatchThread.java:101) ~[?:?]
	at java.awt.EventDispatchThread.run(EventDispatchThread.java:90) ~[?:?]
2025-08-02 00:06:59,315 [WARN] ThirdParty:871 - waiting for thirdparty lock release [close project]
2025-08-02 00:06:59,316 [INFO] ThirdParty:873 - entering critical section [close project]
2025-08-02 00:06:59,316 [INFO] ThirdParty:883 - exiting critical section [close project]
2025-08-02 00:06:59,317 [INFO] PinOutPanel:1589 - setPackage(No Configuration,No Configuration)
2025-08-02 00:06:59,326 [INFO] UtilMem:75 - Begin LoadConfig() Used Memory: 502794240 Bytes (965738496)
2025-08-02 00:06:59,331 [INFO] MicroXplorer:468 - Change Database Path : C:/Users/sopan/.stm32cubemx/databases/DB.6.0.110/db/
2025-08-02 00:06:59,331 [INFO] MicroXplorer:498 - Change Database Version : DB.6.0.110
2025-08-02 00:06:59,331 [INFO] MicroXplorer:468 - Change Database Path : 
2025-08-02 00:06:59,331 [INFO] MicroXplorer:498 - Change Database Version : DB.6.0.150
2025-08-02 00:06:59,331 [INFO] OpenFileManager:355 - Change cursor
2025-08-02 00:06:59,347 [INFO] RulesReader:64 - Compatibility file has been processed (317 Rules)
2025-08-02 00:06:59,392 [INFO] Mcu:2029 - Initializing MCU STM32F103C6Tx STM32F103C6Tx STM32F103C6T6A
2025-08-02 00:06:59,840 [INFO] Context:786 - Trying to add GPIOservice into a context  which must be forbidden
2025-08-02 00:07:00,026 [INFO] Rule:233 - rule Adapt Old IOC before rework replace old CORTEX_M33/CORTEX_M55 attributes by the new one. is applicable
2025-08-02 00:07:00,026 [INFO] Rule:233 - rule Rename parametre of RCC RCC_APBDBG_DIV2 to RCC_TIMPRES_DIV2 is applicable
2025-08-02 00:07:00,026 [INFO] Rule:233 - rule Rename DIE493 pin PA10 [PA12] -> PA10 is applicable
2025-08-02 00:07:00,026 [INFO] Rule:233 - rule Rename DIE493 pin PA9 [PA11] -> PA9 is applicable
2025-08-02 00:07:00,026 [INFO] Rule:233 - rule Rename DIE492 PartNumber CPN STM32WBA5MJGHx -> STM32WBA5MMGHx is applicable
2025-08-02 00:07:00,026 [INFO] Rule:233 - rule Rename DIE492 PartNumber  Name STM32WBA5MJGHx -> STM32WBA5MMGHx is applicable
2025-08-02 00:07:00,026 [INFO] Rule:233 - rule Rename DIE492 PartNumber UserName STM32WBA5MJGHx -> STM32WBA5MMGHx is applicable
2025-08-02 00:07:00,027 [INFO] Rule:233 - rule Rename DIE492 PartNumber DeviceId STM32WBA5MJGHx -> STM32WBA5MMGHx is applicable
2025-08-02 00:07:00,027 [INFO] Rule:233 - rule Adapt Old IOC CSI. is applicable
2025-08-02 00:07:00,027 [INFO] Rule:233 - rule Adapt Old IOC DCMIPP. is applicable
2025-08-02 00:07:00,027 [INFO] Rule:233 - rule Adapt Old IOC DCMIPP Mode Parallel. is applicable
2025-08-02 00:07:00,027 [INFO] Rule:233 - rule Adapt Old IOC LTDC. is applicable
2025-08-02 00:07:00,027 [INFO] Rule:233 - rule Rename STM32MP2 RIF Peripheral LTDC RIF.RISUP.LTDC_L0L1.Privilege -> RIF.RISUP.LTDC_L1L2.Privilege is applicable
2025-08-02 00:07:00,027 [INFO] Rule:233 - rule Rename STM32MP2 RIF Peripheral LTDC RIF.RISUP.LTDC_L0L1.Privilege -> RIF.RISUP.LTDC_L1L2.Privilege is applicable
2025-08-02 00:07:00,027 [INFO] Rule:233 - rule Rename STM32MP2 RIF Peripheral LTDC RIF.RISUP.LTDC_L0L1.Lock -> RIF.RISUP.LTDC_L1L2.Lock is applicable
2025-08-02 00:07:00,027 [INFO] Rule:233 - rule Rename STM32MP2 RIF Peripheral LTDC RIF.RISUP.LTDC_L2.Lock -> RIF.RISUP.LTDC_L3.Lock is applicable
2025-08-02 00:07:00,027 [INFO] Rule:233 - rule Adapt the old IOC example for updating the SYS when it is misconfigured. is applicable
2025-08-02 00:07:00,027 [INFO] Rule:233 - rule Rename STM32C09 Mcu.Package LQFP64 -> LQFP48 is applicable
2025-08-02 00:07:00,027 [INFO] Rule:233 - rule Adapt the old IOC example for updating the SYS when it is misconfigured. is applicable
2025-08-02 00:07:00,027 [INFO] Rule:233 - rule Adapt the old IOC example for updating the SYS when it is misconfigured. is applicable
2025-08-02 00:07:00,028 [INFO] DbConfProperties:307 - Apply Compatibility (4/20 Rules)
2025-08-02 00:07:00,038 [INFO] ImportTextPane:234 - (OptionalMessage_ERROR) Unable to find key (Mcu.ThirdPartyNb) in loaded IOC file
2025-08-02 00:07:00,038 [INFO] ImportTextPane:234 - (OptionalMessage_ERROR) Unable to find key (Mcu.PinsNb) in loaded IOC file
2025-08-02 00:07:00,039 [INFO] ImportTextPane:234 - (OptionalMessage_ERROR) Pin0 (VP_RIF_VS_RIF1) cannot be retrieved for this MCU
2025-08-02 00:07:00,039 [INFO] ImportTextPane:234 - (OptionalMessage_ERROR) Unable to find key (Mcu.IPNb) in loaded IOC file
2025-08-02 00:07:00,079 [INFO] RtosManager:558 - Registered RTOS mode: class=CMSIS, group=RTOS, mode=CMSIS_V1, owner=FREERTOS
2025-08-02 00:07:00,079 [INFO] RtosManager:558 - Registered RTOS mode: class=CMSIS, group=RTOS2, mode=CMSIS_V2, owner=FREERTOS
2025-08-02 00:07:00,079 [INFO] RtosManager:558 - Registered RTOS mode: class=RTOS, group=Core, mode=CMSIS_V1, owner=FREERTOS
2025-08-02 00:07:00,079 [INFO] RtosManager:558 - Registered RTOS mode: class=RTOS, group=Core, mode=CMSIS_V2, owner=FREERTOS
2025-08-02 00:07:00,079 [WARN] ModelIntegratedComponent:184 - Missing modes for component STMicroelectronics:FreeRTOS:0.0.1:STMicroelectronics:RTOS:FreeRTOS:Core:::10.2.0:
2025-08-02 00:07:00,106 [WARN] ModelIntegratedComponent:63 - No mode defined for component null
2025-08-02 00:07:00,106 [WARN] ModelIntegratedComponent:63 - No mode defined for component null
2025-08-02 00:07:00,106 [WARN] ModelIntegratedComponent:63 - No mode defined for component null
2025-08-02 00:07:00,106 [WARN] ModelIntegratedComponent:63 - No mode defined for component null
2025-08-02 00:07:00,106 [WARN] ModelIntegratedComponent:63 - No mode defined for component null
2025-08-02 00:07:00,106 [WARN] ModelIntegratedComponent:63 - No mode defined for component null
2025-08-02 00:07:00,106 [WARN] ModelIntegratedComponent:63 - No mode defined for component null
2025-08-02 00:07:00,106 [WARN] ModelIntegratedComponent:63 - No mode defined for component null
2025-08-02 00:07:00,106 [WARN] ModelIntegratedComponent:63 - No mode defined for component null
2025-08-02 00:07:00,106 [WARN] ModelIntegratedComponent:63 - No mode defined for component null
2025-08-02 00:07:00,106 [WARN] ModelIntegratedComponent:63 - No mode defined for component null
2025-08-02 00:07:00,106 [WARN] ModelIntegratedComponent:63 - No mode defined for component null
2025-08-02 00:07:00,106 [WARN] ModelIntegratedComponent:63 - No mode defined for component null
2025-08-02 00:07:00,106 [WARN] ModelIntegratedComponent:63 - No mode defined for component null
2025-08-02 00:07:00,106 [WARN] ModelIntegratedComponent:63 - No mode defined for component null
2025-08-02 00:07:00,106 [WARN] ModelIntegratedComponent:63 - No mode defined for component null
2025-08-02 00:07:00,106 [WARN] ModelIntegratedComponent:63 - No mode defined for component null
2025-08-02 00:07:00,106 [WARN] ModelIntegratedComponent:63 - No mode defined for component null
2025-08-02 00:07:00,106 [WARN] ModelIntegratedComponent:63 - No mode defined for component null
2025-08-02 00:07:00,106 [WARN] ModelIntegratedComponent:63 - No mode defined for component null
2025-08-02 00:07:00,106 [WARN] ModelIntegratedComponent:63 - No mode defined for component null
2025-08-02 00:07:00,106 [WARN] ModelIntegratedComponent:63 - No mode defined for component null
2025-08-02 00:07:00,106 [WARN] ModelIntegratedComponent:63 - No mode defined for component null
2025-08-02 00:07:00,106 [WARN] ModelIntegratedComponent:63 - No mode defined for component null
2025-08-02 00:07:00,106 [WARN] ModelIntegratedComponent:63 - No mode defined for component null
2025-08-02 00:07:00,107 [WARN] ModelIntegratedComponent:63 - No mode defined for component null
2025-08-02 00:07:00,107 [WARN] ModelIntegratedComponent:63 - No mode defined for component null
2025-08-02 00:07:00,107 [WARN] ModelIntegratedComponent:63 - No mode defined for component null
2025-08-02 00:07:00,107 [WARN] ModelIntegratedComponent:63 - No mode defined for component null
2025-08-02 00:07:00,107 [WARN] ModelIntegratedComponent:63 - No mode defined for component null
2025-08-02 00:07:00,107 [WARN] ModelIntegratedComponent:63 - No mode defined for component null
2025-08-02 00:07:00,107 [WARN] ModelIntegratedComponent:63 - No mode defined for component null
2025-08-02 00:07:00,107 [WARN] ModelIntegratedComponent:63 - No mode defined for component null
2025-08-02 00:07:00,107 [WARN] ModelIntegratedComponent:63 - No mode defined for component null
2025-08-02 00:07:00,107 [WARN] ModelIntegratedComponent:63 - No mode defined for component null
2025-08-02 00:07:00,107 [WARN] ModelPack:524 - Component already loaded: STMicroelectronics:HAL Drivers:0.0.0:STMicroelectronics:Device:STMicro_Driver:XSPI:HAL::0.0.1:HAL_XSPI
2025-08-02 00:07:00,205 [INFO] ThirdPartyModel:298 - Start build external matchings
2025-08-02 00:07:00,656 [INFO] ThirdPartyModel:316 - End build external matchings
2025-08-02 00:07:00,803 [INFO] UtilMem:75 - End LoadConfig() Used Memory: 723946360 Bytes (965738496)
2025-08-02 00:07:00,855 [WARN] ThirdParty:833 - waiting for thirdparty lock release [change project]
2025-08-02 00:07:00,855 [INFO] ThirdParty:835 - entering critical section [change project]
2025-08-02 00:07:00,855 [INFO] ThirdParty:1030 - CMSIS Pack Vendor :STMicroelectronics X-CUBE-PM33A1 1.0.0
2025-08-02 00:07:00,855 [INFO] ThirdParty:1030 - CMSIS Pack Vendor :STMicroelectronics USBPD 4.1
2025-08-02 00:07:00,855 [INFO] ThirdParty:1030 - CMSIS Pack Vendor :STMicroelectronics X-CUBE-NFC9 1.0.0
2025-08-02 00:07:00,855 [INFO] ThirdParty:1030 - CMSIS Pack Vendor :wolfSSL I-CUBE-wolfSSL 5.8.0
2025-08-02 00:07:00,855 [INFO] ThirdParty:1030 - CMSIS Pack Vendor :STMicroelectronics USB_HOST 2.0.0
2025-08-02 00:07:00,855 [INFO] ThirdParty:1030 - CMSIS Pack Vendor :STMicroelectronics FP-SNS-MOTENVWB1 1.4.0
2025-08-02 00:07:00,855 [INFO] ThirdParty:1030 - CMSIS Pack Vendor :STMicroelectronics X-CUBE-AZRTOS-F4 1.1.0
2025-08-02 00:07:00,855 [INFO] ThirdParty:1030 - CMSIS Pack Vendor :STMicroelectronics LIBJPEG 8.0.0
2025-08-02 00:07:00,855 [INFO] ThirdParty:1030 - CMSIS Pack Vendor :STMicroelectronics FP-ATR-ASTRA1 2.0.2
2025-08-02 00:07:00,855 [INFO] ThirdParty:1030 - CMSIS Pack Vendor :STMicroelectronics X-CUBE-BLE1 7.1.0
2025-08-02 00:07:00,855 [INFO] ThirdParty:1030 - CMSIS Pack Vendor :Avnet-IotConnect X-CUBE-IoTC-DA16k-PMOD 1.0.0
2025-08-02 00:07:00,855 [INFO] ThirdParty:1030 - CMSIS Pack Vendor :STMicroelectronics X-CUBE-SMBUS 2.1.0
2025-08-02 00:07:00,855 [INFO] ThirdParty:1030 - CMSIS Pack Vendor :wolfSSL I-CUBE-wolfMQTT 1.19.2
2025-08-02 00:07:00,856 [INFO] ThirdParty:1030 - CMSIS Pack Vendor :STMicroelectronics USB_DEVICE 3.0.0
2025-08-02 00:07:00,856 [INFO] ThirdParty:1030 - CMSIS Pack Vendor :STMicroelectronics X-CUBE-ISPU 2.1.0
2025-08-02 00:07:00,856 [INFO] ThirdParty:1030 - CMSIS Pack Vendor :STMicroelectronics X-CUBE-EEPRMA1 5.2.0
2025-08-02 00:07:00,856 [INFO] ThirdParty:1030 - CMSIS Pack Vendor :STMicroelectronics X-CUBE-BLEMGR 4.1.0
2025-08-02 00:07:00,856 [INFO] ThirdParty:1030 - CMSIS Pack Vendor :STMicroelectronics X-CUBE-AZRTOS-WB 2.0.0
2025-08-02 00:07:00,856 [INFO] ThirdParty:1030 - CMSIS Pack Vendor :STMicroelectronics X-CUBE-ST60 1.0.0
2025-08-02 00:07:00,856 [INFO] ThirdParty:1030 - CMSIS Pack Vendor :STMicroelectronics X-CUBE-GNSS1 7.0.1
2025-08-02 00:07:00,856 [INFO] ThirdParty:1030 - CMSIS Pack Vendor :STMicroelectronics X-CUBE-NFC12 1.0.0
2025-08-02 00:07:00,856 [INFO] ThirdParty:1030 - CMSIS Pack Vendor :STMicroelectronics X-CUBE-AZRTOS-F7 1.1.0
2025-08-02 00:07:00,856 [INFO] ThirdParty:1030 - CMSIS Pack Vendor :STMicroelectronics X-CUBE-AZRTOS-L5 2.0.0
2025-08-02 00:07:00,856 [INFO] ThirdParty:1030 - CMSIS Pack Vendor :STMicroelectronics X-CUBE-TOUCHGFX 4.25.0
2025-08-02 00:07:00,856 [INFO] ThirdParty:1030 - CMSIS Pack Vendor :STMicroelectronics USB_DEVICE 2.0.0
2025-08-02 00:07:00,856 [INFO] ThirdParty:1030 - CMSIS Pack Vendor :STMicroelectronics X-CUBE-NFC6 3.1.0
2025-08-02 00:07:00,856 [INFO] ThirdParty:1030 - CMSIS Pack Vendor :STMicroelectronics X-CUBE-AI 10.1.0
2025-08-02 00:07:00,856 [INFO] ThirdParty:1030 - CMSIS Pack Vendor :STMicroelectronics FP-SNS-STBOX1 2.0.0
2025-08-02 00:07:00,856 [INFO] ThirdParty:1030 - CMSIS Pack Vendor :quantropi X-CUBE-qispace-sdk-base 2.1.0
2025-08-02 00:07:00,856 [INFO] ThirdParty:1030 - CMSIS Pack Vendor :STMicroelectronics FreeRTOS 0.0.1
2025-08-02 00:07:00,856 [INFO] ThirdParty:1030 - CMSIS Pack Vendor :STMicroelectronics X-CUBE-AZRTOS-G0 1.1.0
2025-08-02 00:07:00,856 [INFO] ThirdParty:1030 - CMSIS Pack Vendor :STMicroelectronics X-CUBE-SAFEA1 1.2.2
2025-08-02 00:07:00,856 [INFO] ThirdParty:1030 - CMSIS Pack Vendor :STMicroelectronics X-CUBE-NFC4 3.0.0
2025-08-02 00:07:00,856 [INFO] ThirdParty:1030 - CMSIS Pack Vendor :STMicroelectronics X-CUBE-SUBG2 5.0.0
2025-08-02 00:07:00,856 [INFO] ThirdParty:1030 - CMSIS Pack Vendor :STMicroelectronics X-CUBE-AZRTOS-H7RS 1.1.0
2025-08-02 00:07:00,856 [INFO] ThirdParty:1030 - CMSIS Pack Vendor :STMicroelectronics STM32_WPAN 1.0.0
2025-08-02 00:07:00,856 [INFO] ThirdParty:1030 - CMSIS Pack Vendor :EmbeddedOffice I-CUBE-FS-RTOS 1.0.1
2025-08-02 00:07:00,856 [INFO] ThirdParty:1030 - CMSIS Pack Vendor :STMicroelectronics lwIP 2.0.3
2025-08-02 00:07:00,856 [INFO] ThirdParty:1030 - CMSIS Pack Vendor :Cesanta I-CUBE-Mongoose 7.13.0
2025-08-02 00:07:00,856 [INFO] ThirdParty:1030 - CMSIS Pack Vendor :STMicroelectronics USB_HOST 1.0.0
2025-08-02 00:07:00,856 [INFO] ThirdParty:1030 - CMSIS Pack Vendor :Infineon AIROC-Wi-Fi-Bluetooth-STM32 1.7.1
2025-08-02 00:07:00,856 [INFO] ThirdParty:1030 - CMSIS Pack Vendor :STMicroelectronics X-CUBE-AZRTOS-G4 2.0.0
2025-08-02 00:07:00,857 [INFO] ThirdParty:1030 - CMSIS Pack Vendor :STMicroelectronics X-CUBE-WB05N 2.0.0
2025-08-02 00:07:00,857 [INFO] ThirdParty:1030 - CMSIS Pack Vendor :STMicroelectronics PDM2PCM 3.1.0
2025-08-02 00:07:00,857 [INFO] ThirdParty:1030 - CMSIS Pack Vendor :STMicroelectronics PDM2PCM 3.3.0
2025-08-02 00:07:00,857 [INFO] ThirdParty:1030 - CMSIS Pack Vendor :wolfSSL I-CUBE-wolfTPM 3.8.0
2025-08-02 00:07:00,857 [INFO] ThirdParty:1030 - CMSIS Pack Vendor :STMicroelectronics X-CUBE-AZRTOS-H7 3.4.0
2025-08-02 00:07:00,857 [INFO] ThirdParty:1030 - CMSIS Pack Vendor :STMicroelectronics X-CUBE-DISPLAY 3.0.0
2025-08-02 00:07:00,857 [INFO] ThirdParty:1030 - CMSIS Pack Vendor :wolfSSL I-CUBE-wolfSSH 1.4.20
2025-08-02 00:07:00,857 [INFO] ThirdParty:1030 - CMSIS Pack Vendor :STMicroelectronics X-CUBE-NFC7 2.0.0
2025-08-02 00:07:00,857 [INFO] ThirdParty:1030 - CMSIS Pack Vendor :STMicroelectronics X-CUBE-TCPP 4.2.0
2025-08-02 00:07:00,857 [INFO] ThirdParty:1030 - CMSIS Pack Vendor :RealThread X-CUBE-RT-Thread_Nano 4.1.1
2025-08-02 00:07:00,857 [INFO] ThirdParty:1030 - CMSIS Pack Vendor :STMicroelectronics FP-ATR-SIGFOX1 3.2.0
2025-08-02 00:07:00,857 [INFO] ThirdParty:1030 - CMSIS Pack Vendor :STMicroelectronics X-CUBE-NFC10 1.0.0
2025-08-02 00:07:00,857 [INFO] ThirdParty:1030 - CMSIS Pack Vendor :STMicroelectronics X-CUBE-FREERTOS 1.3.1
2025-08-02 00:07:00,857 [INFO] ThirdParty:1030 - CMSIS Pack Vendor :STMicroelectronics HAL Drivers 0.0.0
2025-08-02 00:07:00,857 [INFO] ThirdParty:1030 - CMSIS Pack Vendor :STMicroelectronics MBEDTLS 2.16.2
2025-08-02 00:07:00,857 [INFO] ThirdParty:1030 - CMSIS Pack Vendor :STMicroelectronics X-CUBE-IPS 3.1.0
2025-08-02 00:07:00,857 [INFO] ThirdParty:1030 - CMSIS Pack Vendor :STMicroelectronics X-CUBE-ALS 1.0.2
2025-08-02 00:07:00,857 [INFO] ThirdParty:1030 - CMSIS Pack Vendor :emotas I-CUBE-CANOPEN 1.3.0
2025-08-02 00:07:00,857 [INFO] ThirdParty:1030 - CMSIS Pack Vendor :STMicroelectronics MBEDTLS 2.14.1
2025-08-02 00:07:00,857 [INFO] ThirdParty:1030 - CMSIS Pack Vendor :ITTIA_DB I-CUBE-ITTIADB 8.9.0
2025-08-02 00:07:00,857 [INFO] ThirdParty:1030 - CMSIS Pack Vendor :portGmbH I-Cube-SoM-uGOAL 1.1.0
2025-08-02 00:07:00,857 [INFO] ThirdParty:1030 - CMSIS Pack Vendor :STMicroelectronics X-CUBE-ST67W61 1.0.0
2025-08-02 00:07:00,857 [INFO] ThirdParty:1030 - CMSIS Pack Vendor :STMicroelectronics FP-SNS-STAIOTCFT 1.0.0
2025-08-02 00:07:00,857 [INFO] ThirdParty:1030 - CMSIS Pack Vendor :STMicroelectronics ThreadX 1.0.0
2025-08-02 00:07:00,857 [INFO] ThirdParty:1030 - CMSIS Pack Vendor :STMicroelectronics FP-SNS-SMARTAG2 1.2.0
2025-08-02 00:07:00,857 [INFO] ThirdParty:1030 - CMSIS Pack Vendor :STMicroelectronics FP-SNS-FLIGHT1 5.1.0
2025-08-02 00:07:00,857 [INFO] ThirdParty:1030 - CMSIS Pack Vendor :STMicroelectronics X-CUBE-AZRTOS-WL 2.0.0
2025-08-02 00:07:00,857 [INFO] ThirdParty:1030 - CMSIS Pack Vendor :SEGGER I-CUBE-embOS 1.3.1
2025-08-02 00:07:00,857 [INFO] ThirdParty:1030 - CMSIS Pack Vendor :STMicroelectronics X-CUBE-ALGOBUILD 1.4.0
2025-08-02 00:07:00,857 [INFO] ThirdParty:1030 - CMSIS Pack Vendor :STMicroelectronics X-CUBE-DPower 1.3.0
2025-08-02 00:07:00,857 [INFO] ThirdParty:1030 - CMSIS Pack Vendor :STMicroelectronics X-CUBE-MEMS1 11.3.0
2025-08-02 00:07:00,857 [INFO] ThirdParty:1030 - CMSIS Pack Vendor :STMicroelectronics FP-SNS-MOTENV1 5.0.0
2025-08-02 00:07:00,857 [INFO] ThirdParty:1030 - CMSIS Pack Vendor :STMicroelectronics USB_DEVICE 1.0.0
2025-08-02 00:07:00,857 [INFO] ThirdParty:1030 - CMSIS Pack Vendor :STMicroelectronics X-CUBE-AZRTOS-L4 2.0.0
2025-08-02 00:07:00,858 [INFO] ThirdParty:1030 - CMSIS Pack Vendor :STMicroelectronics ThreadX 0.0.2
2025-08-02 00:07:00,858 [INFO] ThirdParty:1030 - CMSIS Pack Vendor :WES I-CUBE-Cesium 1.3.0
2025-08-02 00:07:00,858 [INFO] ThirdParty:1030 - CMSIS Pack Vendor :STMicroelectronics lwIP 2.1.2
2025-08-02 00:07:00,858 [INFO] ThirdParty:1030 - CMSIS Pack Vendor :STMicroelectronics X-CUBE-SFXS2LP1 4.0.0
2025-08-02 00:07:00,858 [INFO] ThirdParty:1030 - CMSIS Pack Vendor :STMicroelectronics X-CUBE-BLE2 3.3.0
2025-08-02 00:07:00,858 [INFO] ThirdParty:1030 - CMSIS Pack Vendor :STMicroelectronics X-CUBE-TOF1 3.4.3
2025-08-02 00:07:00,858 [INFO] ThirdParty:1030 - CMSIS Pack Vendor :STMicroelectronics PDM2PCM 3.2.0
2025-08-02 00:07:00,858 [INFO] ThirdParty:841 - exiting critical section [change project]
2025-08-02 00:07:00,982 [INFO] PinOutPanel:1589 - setPackage(No Configuration,No Configuration)
2025-08-02 00:07:00,983 [INFO] PinOutPanel:1589 - setPackage(STM32F103C6Tx,LQFP48)
2025-08-02 00:07:01,248 [INFO] UtilMem:75 - Before build in PCC Used Memory: 392519064 Bytes (965738496)
2025-08-02 00:07:01,496 [INFO] UtilMem:75 - After build in PCC Used Memory: 436037016 Bytes (965738496)
2025-08-02 00:07:01,509 [INFO] IPUIPlugin:80 - create IPUIPlugin
2025-08-02 00:07:01,509 [INFO] IPUIPlugin:80 - create IPUIPlugin
2025-08-02 00:07:01,509 [INFO] IPUIPlugin:80 - create IPUIPlugin
2025-08-02 00:07:01,509 [INFO] IPUIPlugin:80 - create IPUIPlugin
2025-08-02 00:07:01,509 [INFO] IPUIPlugin:80 - create IPUIPlugin
2025-08-02 00:07:01,509 [INFO] IPUIPlugin:80 - create IPUIPlugin
2025-08-02 00:07:01,509 [INFO] IPUIPlugin:80 - create IPUIPlugin
2025-08-02 00:07:01,509 [INFO] IPUIPlugin:80 - create IPUIPlugin
2025-08-02 00:07:01,509 [INFO] IPUIPlugin:80 - create IPUIPlugin
2025-08-02 00:07:01,510 [INFO] IPUIPlugin:80 - create IPUIPlugin
2025-08-02 00:07:01,510 [INFO] IPUIPlugin:80 - create IPUIPlugin
2025-08-02 00:07:01,510 [INFO] IPUIPlugin:80 - create IPUIPlugin
2025-08-02 00:07:01,510 [INFO] IPUIPlugin:80 - create IPUIPlugin
2025-08-02 00:07:01,510 [INFO] IPUIPlugin:80 - create IPUIPlugin
2025-08-02 00:07:01,510 [INFO] IPUIPlugin:80 - create IPUIPlugin
2025-08-02 00:07:01,510 [INFO] IPUIPlugin:80 - create IPUIPlugin
2025-08-02 00:07:01,510 [INFO] IPUIPlugin:80 - create IPUIPlugin
2025-08-02 00:07:01,511 [INFO] IPUIPlugin:80 - create IPUIPlugin
2025-08-02 00:07:01,511 [INFO] IPUIPlugin:80 - create IPUIPlugin
2025-08-02 00:07:01,511 [INFO] IPUIPlugin:80 - create IPUIPlugin
2025-08-02 00:07:01,511 [INFO] IPUIPlugin:80 - create IPUIPlugin
2025-08-02 00:07:01,511 [INFO] IPUIPlugin:80 - create IPUIPlugin
2025-08-02 00:07:01,511 [INFO] IPUIPlugin:80 - create IPUIPlugin
2025-08-02 00:07:01,538 [INFO] CADModel:165 - CPN selected for project levelSTM32F103C6T6A
2025-08-02 00:07:01,538 [INFO] CADModel:114 - Register for checkConnection events
2025-08-02 00:07:01,595 [INFO] OpenFileManager:386 - Restore cursor
2025-08-02 00:07:01,943 [INFO] UtilMem:75 - End SaveConfig() Used Memory: 487431592 Bytes (965738496)
2025-08-02 00:07:01,982 [INFO] UtilMem:75 - End SaveConfig() Used Memory: 498951576 Bytes (965738496)
2025-08-02 00:07:02,082 [INFO] BlockDiagram:2775 - set Specific Code input for plugin: NVIC
2025-08-02 00:07:02,083 [INFO] BlockDiagram:2775 - set Specific Code input for plugin: RCC
2025-08-02 00:07:02,083 [INFO] CodeGenerator:892 - code generatio: config db path: C:\ST\STM32CubeIDE_1.19.0\STM32CubeIDE\plugins\com.st.stm32cube.common.mx_6.15.0.202507011659\\db\
2025-08-02 00:07:02,157 [INFO] CodeEngine:265 - oldGeneratedFile, C:\Users\sopan\STM32CubeIDE\workspace_1.19.0\STM32F103C6T6A_GPIO\MXTmpFiles\license.tmp_save
2025-08-02 00:07:02,350 [INFO] CodeEngine:289 - Generated code: C:\Users\sopan\STM32CubeIDE\workspace_1.19.0\STM32F103C6T6A_GPIO\MXTmpFiles\license.tmp
2025-08-02 00:07:02,363 [INFO] CodeEngine:265 - oldGeneratedFile, C:\Users\sopan\STM32CubeIDE\workspace_1.19.0\STM32F103C6T6A_GPIO\Core\Src\stm32f1xx_it.c_save
2025-08-02 00:07:02,561 [INFO] CodeEngine:289 - Generated code: C:\Users\sopan\STM32CubeIDE\workspace_1.19.0\STM32F103C6T6A_GPIO\Core\Src\stm32f1xx_it.c
2025-08-02 00:07:02,567 [INFO] CodeEngine:265 - oldGeneratedFile, C:\Users\sopan\STM32CubeIDE\workspace_1.19.0\STM32F103C6T6A_GPIO\Core\Inc\stm32f1xx_it.h_save
2025-08-02 00:07:02,640 [INFO] CodeEngine:289 - Generated code: C:\Users\sopan\STM32CubeIDE\workspace_1.19.0\STM32F103C6T6A_GPIO\Core\Inc\stm32f1xx_it.h
2025-08-02 00:07:02,667 [INFO] CodeEngine:265 - oldGeneratedFile, C:\Users\sopan\STM32CubeIDE\workspace_1.19.0\STM32F103C6T6A_GPIO\Core\Src\stm32f1xx_hal_msp.c_save
2025-08-02 00:07:02,755 [INFO] CodeEngine:289 - Generated code: C:\Users\sopan\STM32CubeIDE\workspace_1.19.0\STM32F103C6T6A_GPIO\Core\Src\stm32f1xx_hal_msp.c
2025-08-02 00:07:02,761 [INFO] CodeEngine:265 - oldGeneratedFile, C:\Users\sopan\STM32CubeIDE\workspace_1.19.0\STM32F103C6T6A_GPIO\MXTmpFiles\system.tmp_save
2025-08-02 00:07:02,810 [INFO] CodeEngine:289 - Generated code: C:\Users\sopan\STM32CubeIDE\workspace_1.19.0\STM32F103C6T6A_GPIO\MXTmpFiles\system.tmp
2025-08-02 00:07:02,821 [INFO] CodeEngine:321 - oldGeneratedFile, C:\Users\sopan\STM32CubeIDE\workspace_1.19.0\STM32F103C6T6A_GPIO\Core\Inc\stm32f1xx_hal_conf.h_save
2025-08-02 00:07:02,883 [INFO] CodeEngine:345 - Generated code: C:\Users\sopan\STM32CubeIDE\workspace_1.19.0\STM32F103C6T6A_GPIO\Core\Inc\stm32f1xx_hal_conf.h
2025-08-02 00:07:02,905 [INFO] ApiDbMcu:532 - Load IP Config File for RCC
2025-08-02 00:07:02,915 [INFO] CodeEngine:265 - oldGeneratedFile, C:\Users\sopan\STM32CubeIDE\workspace_1.19.0\STM32F103C6T6A_GPIO\Core\Inc\main.h_save
2025-08-02 00:07:03,012 [INFO] CodeEngine:289 - Generated code: C:\Users\sopan\STM32CubeIDE\workspace_1.19.0\STM32F103C6T6A_GPIO\Core\Inc\main.h
2025-08-02 00:07:03,017 [INFO] CodeEngine:265 - oldGeneratedFile, C:\Users\sopan\STM32CubeIDE\workspace_1.19.0\STM32F103C6T6A_GPIO\Core\Src\main.c_save
2025-08-02 00:07:03,153 [INFO] CodeEngine:289 - Generated code: C:\Users\sopan\STM32CubeIDE\workspace_1.19.0\STM32F103C6T6A_GPIO\Core\Src\main.c
2025-08-02 00:07:03,538 [INFO] ProjectBuilder:3606 - Time for Copy HAL[1] : 112mS.
2025-08-02 00:07:03,542 [INFO] ProjectBuilder:5216 - Project Generator version: 4.7.0-B52
2025-08-02 00:07:03,606 [INFO] ConfigFileManager:1595 - The Die is : DIE412
2025-08-02 00:07:03,609 [INFO] ApiDbMcu:532 - Load IP Config File for FATFS
2025-08-02 00:07:03,614 [INFO] ApiDbMcu:532 - Load IP Config File for FREERTOS
2025-08-02 00:07:03,621 [INFO] ApiDbMcu:532 - Load IP Config File for USB_DEVICE
2025-08-02 00:07:05,112 [INFO] ProjectBuilder:5496 - Time for Generating toolchain IDE Files: 1570mS.
2025-08-02 00:07:05,113 [INFO] ProjectBuilder:3463 - Time for Copy CMSIS : 1mS.
2025-08-02 00:07:05,115 [INFO] ProjectBuilder:3463 - Time for Copy CMSIS : 0mS.
2025-08-02 00:07:05,521 [INFO] McuFinderGlobals:76 - Set McuFinderConnectedMode to true
2025-08-02 00:07:05,525 [INFO] ApiDb:448 - Save user favorites file C:\Users\sopan/.stm32cubeide/favorites.mcus.txt: 0 item(s)
2025-08-02 00:07:05,525 [INFO] ApiDb:452 - User favorites MCUs=[]
2025-08-02 00:09:50,498 [INFO] Gpio:278 - dependency for GPIO [RCC, SYS]
2025-08-02 00:10:43,165 [INFO] UtilMem:75 - End SaveConfig() Used Memory: 389624088 Bytes (829423616)
2025-08-02 00:10:47,982 [INFO] UtilMem:75 - End SaveConfig() Used Memory: 503889584 Bytes (829423616)
2025-08-02 00:10:48,239 [INFO] BlockDiagram:2775 - set Specific Code input for plugin: NVIC
2025-08-02 00:10:48,240 [INFO] BlockDiagram:2775 - set Specific Code input for plugin: SYS
2025-08-02 00:10:48,240 [INFO] BlockDiagram:2775 - set Specific Code input for plugin: GPIO
2025-08-02 00:10:48,240 [INFO] BlockDiagram:2775 - set Specific Code input for plugin: RCC
2025-08-02 00:10:48,241 [INFO] CodeGenerator:892 - code generatio: config db path: C:\ST\STM32CubeIDE_1.19.0\STM32CubeIDE\plugins\com.st.stm32cube.common.mx_6.15.0.202507011659\\db\
2025-08-02 00:10:48,338 [INFO] CodeEngine:265 - oldGeneratedFile, C:\Users\sopan\STM32CubeIDE\workspace_1.19.0\STM32F103C6T6A_GPIO\MXTmpFiles\license.tmp_save
2025-08-02 00:10:48,627 [INFO] CodeEngine:289 - Generated code: C:\Users\sopan\STM32CubeIDE\workspace_1.19.0\STM32F103C6T6A_GPIO\MXTmpFiles\license.tmp
2025-08-02 00:10:48,673 [INFO] CodeEngine:265 - oldGeneratedFile, C:\Users\sopan\STM32CubeIDE\workspace_1.19.0\STM32F103C6T6A_GPIO\MXTmpFiles\gpio.tmp_save
2025-08-02 00:10:48,808 [INFO] CodeEngine:289 - Generated code: C:\Users\sopan\STM32CubeIDE\workspace_1.19.0\STM32F103C6T6A_GPIO\MXTmpFiles\gpio.tmp
2025-08-02 00:10:48,831 [INFO] CodeEngine:265 - oldGeneratedFile, C:\Users\sopan\STM32CubeIDE\workspace_1.19.0\STM32F103C6T6A_GPIO\Core\Src\stm32f1xx_it.c_save
2025-08-02 00:10:49,144 [INFO] CodeEngine:289 - Generated code: C:\Users\sopan\STM32CubeIDE\workspace_1.19.0\STM32F103C6T6A_GPIO\Core\Src\stm32f1xx_it.c
2025-08-02 00:10:49,153 [INFO] CodeEngine:265 - oldGeneratedFile, C:\Users\sopan\STM32CubeIDE\workspace_1.19.0\STM32F103C6T6A_GPIO\Core\Inc\stm32f1xx_it.h_save
2025-08-02 00:10:49,247 [INFO] CodeEngine:289 - Generated code: C:\Users\sopan\STM32CubeIDE\workspace_1.19.0\STM32F103C6T6A_GPIO\Core\Inc\stm32f1xx_it.h
2025-08-02 00:10:49,259 [INFO] CodeEngine:265 - oldGeneratedFile, C:\Users\sopan\STM32CubeIDE\workspace_1.19.0\STM32F103C6T6A_GPIO\Core\Src\stm32f1xx_hal_msp.c_save
2025-08-02 00:10:49,400 [INFO] CodeEngine:289 - Generated code: C:\Users\sopan\STM32CubeIDE\workspace_1.19.0\STM32F103C6T6A_GPIO\Core\Src\stm32f1xx_hal_msp.c
2025-08-02 00:10:49,407 [INFO] CodeEngine:265 - oldGeneratedFile, C:\Users\sopan\STM32CubeIDE\workspace_1.19.0\STM32F103C6T6A_GPIO\MXTmpFiles\system.tmp_save
2025-08-02 00:10:49,465 [INFO] CodeEngine:289 - Generated code: C:\Users\sopan\STM32CubeIDE\workspace_1.19.0\STM32F103C6T6A_GPIO\MXTmpFiles\system.tmp
2025-08-02 00:10:49,478 [INFO] CodeEngine:321 - oldGeneratedFile, C:\Users\sopan\STM32CubeIDE\workspace_1.19.0\STM32F103C6T6A_GPIO\Core\Inc\stm32f1xx_hal_conf.h_save
2025-08-02 00:10:49,544 [INFO] CodeEngine:345 - Generated code: C:\Users\sopan\STM32CubeIDE\workspace_1.19.0\STM32F103C6T6A_GPIO\Core\Inc\stm32f1xx_hal_conf.h
2025-08-02 00:10:49,575 [INFO] CodeEngine:265 - oldGeneratedFile, C:\Users\sopan\STM32CubeIDE\workspace_1.19.0\STM32F103C6T6A_GPIO\Core\Inc\main.h_save
2025-08-02 00:10:49,655 [INFO] CodeEngine:289 - Generated code: C:\Users\sopan\STM32CubeIDE\workspace_1.19.0\STM32F103C6T6A_GPIO\Core\Inc\main.h
2025-08-02 00:10:49,661 [INFO] CodeEngine:265 - oldGeneratedFile, C:\Users\sopan\STM32CubeIDE\workspace_1.19.0\STM32F103C6T6A_GPIO\Core\Src\main.c_save
2025-08-02 00:10:49,744 [INFO] CodeEngine:289 - Generated code: C:\Users\sopan\STM32CubeIDE\workspace_1.19.0\STM32F103C6T6A_GPIO\Core\Src\main.c
2025-08-02 00:10:50,073 [INFO] ProjectBuilder:3606 - Time for Copy HAL[1] : 99mS.
2025-08-02 00:10:50,076 [INFO] ProjectBuilder:5216 - Project Generator version: 4.7.0-B52
2025-08-02 00:10:50,148 [INFO] ConfigFileManager:1595 - The Die is : DIE412
2025-08-02 00:10:51,127 [INFO] ProjectBuilder:5496 - Time for Generating toolchain IDE Files: 1051mS.
2025-08-02 00:10:51,128 [INFO] ProjectBuilder:3463 - Time for Copy CMSIS : 0mS.
2025-08-02 00:10:51,132 [INFO] ProjectBuilder:3463 - Time for Copy CMSIS : 0mS.
