11:45:21 **** Build of configuration Debug for project CAN_Normal_Mode ****
make -j8 all 
arm-none-eabi-gcc "../Drivers/STM32F1xx_HAL_Driver/Src/stm32f1xx_hal.c" -mcpu=cortex-m3 -std=gnu11 -g3 -DDEBUG -DUSE_HAL_DRIVER -DSTM32F103x6 -c -I../Core/Inc -I../Drivers/STM32F1xx_HAL_Driver/Inc/Legacy -I../Drivers/STM32F1xx_HAL_Driver/Inc -I../Drivers/CMSIS/Device/ST/STM32F1xx/Include -I../Drivers/CMSIS/Include -O0 -ffunction-sections -fdata-sections -Wall -fstack-usage -fcyclomatic-complexity -MMD -MP -MF"Drivers/STM32F1xx_HAL_Driver/Src/stm32f1xx_hal.d" -MT"Drivers/STM32F1xx_HAL_Driver/Src/stm32f1xx_hal.o" --specs=nano.specs -mfloat-abi=soft -mthumb -o "Drivers/STM32F1xx_HAL_Driver/Src/stm32f1xx_hal.o"
arm-none-eabi-gcc "../Drivers/STM32F1xx_HAL_Driver/Src/stm32f1xx_hal_can.c" -mcpu=cortex-m3 -std=gnu11 -g3 -DDEBUG -DUSE_HAL_DRIVER -DSTM32F103x6 -c -I../Core/Inc -I../Drivers/STM32F1xx_HAL_Driver/Inc/Legacy -I../Drivers/STM32F1xx_HAL_Driver/Inc -I../Drivers/CMSIS/Device/ST/STM32F1xx/Include -I../Drivers/CMSIS/Include -O0 -ffunction-sections -fdata-sections -Wall -fstack-usage -fcyclomatic-complexity -MMD -MP -MF"Drivers/STM32F1xx_HAL_Driver/Src/stm32f1xx_hal_can.d" -MT"Drivers/STM32F1xx_HAL_Driver/Src/stm32f1xx_hal_can.o" --specs=nano.specs -mfloat-abi=soft -mthumb -o "Drivers/STM32F1xx_HAL_Driver/Src/stm32f1xx_hal_can.o"
arm-none-eabi-gcc "../Drivers/STM32F1xx_HAL_Driver/Src/stm32f1xx_hal_cortex.c" -mcpu=cortex-m3 -std=gnu11 -g3 -DDEBUG -DUSE_HAL_DRIVER -DSTM32F103x6 -c -I../Core/Inc -I../Drivers/STM32F1xx_HAL_Driver/Inc/Legacy -I../Drivers/STM32F1xx_HAL_Driver/Inc -I../Drivers/CMSIS/Device/ST/STM32F1xx/Include -I../Drivers/CMSIS/Include -O0 -ffunction-sections -fdata-sections -Wall -fstack-usage -fcyclomatic-complexity -MMD -MP -MF"Drivers/STM32F1xx_HAL_Driver/Src/stm32f1xx_hal_cortex.d" -MT"Drivers/STM32F1xx_HAL_Driver/Src/stm32f1xx_hal_cortex.o" --specs=nano.specs -mfloat-abi=soft -mthumb -o "Drivers/STM32F1xx_HAL_Driver/Src/stm32f1xx_hal_cortex.o"
arm-none-eabi-gcc "../Drivers/STM32F1xx_HAL_Driver/Src/stm32f1xx_hal_dma.c" -mcpu=cortex-m3 -std=gnu11 -g3 -DDEBUG -DUSE_HAL_DRIVER -DSTM32F103x6 -c -I../Core/Inc -I../Drivers/STM32F1xx_HAL_Driver/Inc/Legacy -I../Drivers/STM32F1xx_HAL_Driver/Inc -I../Drivers/CMSIS/Device/ST/STM32F1xx/Include -I../Drivers/CMSIS/Include -O0 -ffunction-sections -fdata-sections -Wall -fstack-usage -fcyclomatic-complexity -MMD -MP -MF"Drivers/STM32F1xx_HAL_Driver/Src/stm32f1xx_hal_dma.d" -MT"Drivers/STM32F1xx_HAL_Driver/Src/stm32f1xx_hal_dma.o" --specs=nano.specs -mfloat-abi=soft -mthumb -o "Drivers/STM32F1xx_HAL_Driver/Src/stm32f1xx_hal_dma.o"
arm-none-eabi-gcc "../Drivers/STM32F1xx_HAL_Driver/Src/stm32f1xx_hal_exti.c" -mcpu=cortex-m3 -std=gnu11 -g3 -DDEBUG -DUSE_HAL_DRIVER -DSTM32F103x6 -c -I../Core/Inc -I../Drivers/STM32F1xx_HAL_Driver/Inc/Legacy -I../Drivers/STM32F1xx_HAL_Driver/Inc -I../Drivers/CMSIS/Device/ST/STM32F1xx/Include -I../Drivers/CMSIS/Include -O0 -ffunction-sections -fdata-sections -Wall -fstack-usage -fcyclomatic-complexity -MMD -MP -MF"Drivers/STM32F1xx_HAL_Driver/Src/stm32f1xx_hal_exti.d" -MT"Drivers/STM32F1xx_HAL_Driver/Src/stm32f1xx_hal_exti.o" --specs=nano.specs -mfloat-abi=soft -mthumb -o "Drivers/STM32F1xx_HAL_Driver/Src/stm32f1xx_hal_exti.o"
arm-none-eabi-gcc "../Drivers/STM32F1xx_HAL_Driver/Src/stm32f1xx_hal_flash.c" -mcpu=cortex-m3 -std=gnu11 -g3 -DDEBUG -DUSE_HAL_DRIVER -DSTM32F103x6 -c -I../Core/Inc -I../Drivers/STM32F1xx_HAL_Driver/Inc/Legacy -I../Drivers/STM32F1xx_HAL_Driver/Inc -I../Drivers/CMSIS/Device/ST/STM32F1xx/Include -I../Drivers/CMSIS/Include -O0 -ffunction-sections -fdata-sections -Wall -fstack-usage -fcyclomatic-complexity -MMD -MP -MF"Drivers/STM32F1xx_HAL_Driver/Src/stm32f1xx_hal_flash.d" -MT"Drivers/STM32F1xx_HAL_Driver/Src/stm32f1xx_hal_flash.o" --specs=nano.specs -mfloat-abi=soft -mthumb -o "Drivers/STM32F1xx_HAL_Driver/Src/stm32f1xx_hal_flash.o"
arm-none-eabi-gcc "../Drivers/STM32F1xx_HAL_Driver/Src/stm32f1xx_hal_flash_ex.c" -mcpu=cortex-m3 -std=gnu11 -g3 -DDEBUG -DUSE_HAL_DRIVER -DSTM32F103x6 -c -I../Core/Inc -I../Drivers/STM32F1xx_HAL_Driver/Inc/Legacy -I../Drivers/STM32F1xx_HAL_Driver/Inc -I../Drivers/CMSIS/Device/ST/STM32F1xx/Include -I../Drivers/CMSIS/Include -O0 -ffunction-sections -fdata-sections -Wall -fstack-usage -fcyclomatic-complexity -MMD -MP -MF"Drivers/STM32F1xx_HAL_Driver/Src/stm32f1xx_hal_flash_ex.d" -MT"Drivers/STM32F1xx_HAL_Driver/Src/stm32f1xx_hal_flash_ex.o" --specs=nano.specs -mfloat-abi=soft -mthumb -o "Drivers/STM32F1xx_HAL_Driver/Src/stm32f1xx_hal_flash_ex.o"
arm-none-eabi-gcc "../Drivers/STM32F1xx_HAL_Driver/Src/stm32f1xx_hal_gpio.c" -mcpu=cortex-m3 -std=gnu11 -g3 -DDEBUG -DUSE_HAL_DRIVER -DSTM32F103x6 -c -I../Core/Inc -I../Drivers/STM32F1xx_HAL_Driver/Inc/Legacy -I../Drivers/STM32F1xx_HAL_Driver/Inc -I../Drivers/CMSIS/Device/ST/STM32F1xx/Include -I../Drivers/CMSIS/Include -O0 -ffunction-sections -fdata-sections -Wall -fstack-usage -fcyclomatic-complexity -MMD -MP -MF"Drivers/STM32F1xx_HAL_Driver/Src/stm32f1xx_hal_gpio.d" -MT"Drivers/STM32F1xx_HAL_Driver/Src/stm32f1xx_hal_gpio.o" --specs=nano.specs -mfloat-abi=soft -mthumb -o "Drivers/STM32F1xx_HAL_Driver/Src/stm32f1xx_hal_gpio.o"
arm-none-eabi-gcc "../Drivers/STM32F1xx_HAL_Driver/Src/stm32f1xx_hal_gpio_ex.c" -mcpu=cortex-m3 -std=gnu11 -g3 -DDEBUG -DUSE_HAL_DRIVER -DSTM32F103x6 -c -I../Core/Inc -I../Drivers/STM32F1xx_HAL_Driver/Inc/Legacy -I../Drivers/STM32F1xx_HAL_Driver/Inc -I../Drivers/CMSIS/Device/ST/STM32F1xx/Include -I../Drivers/CMSIS/Include -O0 -ffunction-sections -fdata-sections -Wall -fstack-usage -fcyclomatic-complexity -MMD -MP -MF"Drivers/STM32F1xx_HAL_Driver/Src/stm32f1xx_hal_gpio_ex.d" -MT"Drivers/STM32F1xx_HAL_Driver/Src/stm32f1xx_hal_gpio_ex.o" --specs=nano.specs -mfloat-abi=soft -mthumb -o "Drivers/STM32F1xx_HAL_Driver/Src/stm32f1xx_hal_gpio_ex.o"
arm-none-eabi-gcc "../Drivers/STM32F1xx_HAL_Driver/Src/stm32f1xx_hal_pwr.c" -mcpu=cortex-m3 -std=gnu11 -g3 -DDEBUG -DUSE_HAL_DRIVER -DSTM32F103x6 -c -I../Core/Inc -I../Drivers/STM32F1xx_HAL_Driver/Inc/Legacy -I../Drivers/STM32F1xx_HAL_Driver/Inc -I../Drivers/CMSIS/Device/ST/STM32F1xx/Include -I../Drivers/CMSIS/Include -O0 -ffunction-sections -fdata-sections -Wall -fstack-usage -fcyclomatic-complexity -MMD -MP -MF"Drivers/STM32F1xx_HAL_Driver/Src/stm32f1xx_hal_pwr.d" -MT"Drivers/STM32F1xx_HAL_Driver/Src/stm32f1xx_hal_pwr.o" --specs=nano.specs -mfloat-abi=soft -mthumb -o "Drivers/STM32F1xx_HAL_Driver/Src/stm32f1xx_hal_pwr.o"
arm-none-eabi-gcc "../Drivers/STM32F1xx_HAL_Driver/Src/stm32f1xx_hal_rcc.c" -mcpu=cortex-m3 -std=gnu11 -g3 -DDEBUG -DUSE_HAL_DRIVER -DSTM32F103x6 -c -I../Core/Inc -I../Drivers/STM32F1xx_HAL_Driver/Inc/Legacy -I../Drivers/STM32F1xx_HAL_Driver/Inc -I../Drivers/CMSIS/Device/ST/STM32F1xx/Include -I../Drivers/CMSIS/Include -O0 -ffunction-sections -fdata-sections -Wall -fstack-usage -fcyclomatic-complexity -MMD -MP -MF"Drivers/STM32F1xx_HAL_Driver/Src/stm32f1xx_hal_rcc.d" -MT"Drivers/STM32F1xx_HAL_Driver/Src/stm32f1xx_hal_rcc.o" --specs=nano.specs -mfloat-abi=soft -mthumb -o "Drivers/STM32F1xx_HAL_Driver/Src/stm32f1xx_hal_rcc.o"
arm-none-eabi-gcc "../Drivers/STM32F1xx_HAL_Driver/Src/stm32f1xx_hal_rcc_ex.c" -mcpu=cortex-m3 -std=gnu11 -g3 -DDEBUG -DUSE_HAL_DRIVER -DSTM32F103x6 -c -I../Core/Inc -I../Drivers/STM32F1xx_HAL_Driver/Inc/Legacy -I../Drivers/STM32F1xx_HAL_Driver/Inc -I../Drivers/CMSIS/Device/ST/STM32F1xx/Include -I../Drivers/CMSIS/Include -O0 -ffunction-sections -fdata-sections -Wall -fstack-usage -fcyclomatic-complexity -MMD -MP -MF"Drivers/STM32F1xx_HAL_Driver/Src/stm32f1xx_hal_rcc_ex.d" -MT"Drivers/STM32F1xx_HAL_Driver/Src/stm32f1xx_hal_rcc_ex.o" --specs=nano.specs -mfloat-abi=soft -mthumb -o "Drivers/STM32F1xx_HAL_Driver/Src/stm32f1xx_hal_rcc_ex.o"
arm-none-eabi-gcc -mcpu=cortex-m3 -g3 -DDEBUG -c -x assembler-with-cpp -MMD -MP -MF"Core/Startup/startup_stm32f103c6tx.d" -MT"Core/Startup/startup_stm32f103c6tx.o" --specs=nano.specs -mfloat-abi=soft -mthumb -o "Core/Startup/startup_stm32f103c6tx.o" "../Core/Startup/startup_stm32f103c6tx.s"
arm-none-eabi-gcc "../Core/Src/main.c" -mcpu=cortex-m3 -std=gnu11 -g3 -DDEBUG -DUSE_HAL_DRIVER -DSTM32F103x6 -c -I../Core/Inc -I../Drivers/STM32F1xx_HAL_Driver/Inc/Legacy -I../Drivers/STM32F1xx_HAL_Driver/Inc -I../Drivers/CMSIS/Device/ST/STM32F1xx/Include -I../Drivers/CMSIS/Include -O0 -ffunction-sections -fdata-sections -Wall -fstack-usage -fcyclomatic-complexity -MMD -MP -MF"Core/Src/main.d" -MT"Core/Src/main.o" --specs=nano.specs -mfloat-abi=soft -mthumb -o "Core/Src/main.o"
arm-none-eabi-gcc "../Core/Src/stm32f1xx_hal_msp.c" -mcpu=cortex-m3 -std=gnu11 -g3 -DDEBUG -DUSE_HAL_DRIVER -DSTM32F103x6 -c -I../Core/Inc -I../Drivers/STM32F1xx_HAL_Driver/Inc/Legacy -I../Drivers/STM32F1xx_HAL_Driver/Inc -I../Drivers/CMSIS/Device/ST/STM32F1xx/Include -I../Drivers/CMSIS/Include -O0 -ffunction-sections -fdata-sections -Wall -fstack-usage -fcyclomatic-complexity -MMD -MP -MF"Core/Src/stm32f1xx_hal_msp.d" -MT"Core/Src/stm32f1xx_hal_msp.o" --specs=nano.specs -mfloat-abi=soft -mthumb -o "Core/Src/stm32f1xx_hal_msp.o"
arm-none-eabi-gcc "../Core/Src/stm32f1xx_it.c" -mcpu=cortex-m3 -std=gnu11 -g3 -DDEBUG -DUSE_HAL_DRIVER -DSTM32F103x6 -c -I../Core/Inc -I../Drivers/STM32F1xx_HAL_Driver/Inc/Legacy -I../Drivers/STM32F1xx_HAL_Driver/Inc -I../Drivers/CMSIS/Device/ST/STM32F1xx/Include -I../Drivers/CMSIS/Include -O0 -ffunction-sections -fdata-sections -Wall -fstack-usage -fcyclomatic-complexity -MMD -MP -MF"Core/Src/stm32f1xx_it.d" -MT"Core/Src/stm32f1xx_it.o" --specs=nano.specs -mfloat-abi=soft -mthumb -o "Core/Src/stm32f1xx_it.o"
arm-none-eabi-gcc "../Core/Src/syscalls.c" -mcpu=cortex-m3 -std=gnu11 -g3 -DDEBUG -DUSE_HAL_DRIVER -DSTM32F103x6 -c -I../Core/Inc -I../Drivers/STM32F1xx_HAL_Driver/Inc/Legacy -I../Drivers/STM32F1xx_HAL_Driver/Inc -I../Drivers/CMSIS/Device/ST/STM32F1xx/Include -I../Drivers/CMSIS/Include -O0 -ffunction-sections -fdata-sections -Wall -fstack-usage -fcyclomatic-complexity -MMD -MP -MF"Core/Src/syscalls.d" -MT"Core/Src/syscalls.o" --specs=nano.specs -mfloat-abi=soft -mthumb -o "Core/Src/syscalls.o"
arm-none-eabi-gcc "../Core/Src/sysmem.c" -mcpu=cortex-m3 -std=gnu11 -g3 -DDEBUG -DUSE_HAL_DRIVER -DSTM32F103x6 -c -I../Core/Inc -I../Drivers/STM32F1xx_HAL_Driver/Inc/Legacy -I../Drivers/STM32F1xx_HAL_Driver/Inc -I../Drivers/CMSIS/Device/ST/STM32F1xx/Include -I../Drivers/CMSIS/Include -O0 -ffunction-sections -fdata-sections -Wall -fstack-usage -fcyclomatic-complexity -MMD -MP -MF"Core/Src/sysmem.d" -MT"Core/Src/sysmem.o" --specs=nano.specs -mfloat-abi=soft -mthumb -o "Core/Src/sysmem.o"
arm-none-eabi-gcc "../Core/Src/system_stm32f1xx.c" -mcpu=cortex-m3 -std=gnu11 -g3 -DDEBUG -DUSE_HAL_DRIVER -DSTM32F103x6 -c -I../Core/Inc -I../Drivers/STM32F1xx_HAL_Driver/Inc/Legacy -I../Drivers/STM32F1xx_HAL_Driver/Inc -I../Drivers/CMSIS/Device/ST/STM32F1xx/Include -I../Drivers/CMSIS/Include -O0 -ffunction-sections -fdata-sections -Wall -fstack-usage -fcyclomatic-complexity -MMD -MP -MF"Core/Src/system_stm32f1xx.d" -MT"Core/Src/system_stm32f1xx.o" --specs=nano.specs -mfloat-abi=soft -mthumb -o "Core/Src/system_stm32f1xx.o"
arm-none-eabi-gcc -o "CAN_Normal_Mode.elf" @"objects.list"   -mcpu=cortex-m3 -T"C:\Users\sopan\STM32CubeIDE\workspace_1.19.0\CAN_Normal_Mode\STM32F103C6TX_FLASH.ld" --specs=nosys.specs -Wl,-Map="CAN_Normal_Mode.map" -Wl,--gc-sections -static --specs=nano.specs -mfloat-abi=soft -mthumb -Wl,--start-group -lc -lm -Wl,--end-group
Finished building target: CAN_Normal_Mode.elf
 
arm-none-eabi-size  CAN_Normal_Mode.elf 
arm-none-eabi-objdump -h -S CAN_Normal_Mode.elf  > "CAN_Normal_Mode.list"
   text	   data	    bss	    dec	    hex	filename
   8268	     12	   1684	   9964	   26ec	CAN_Normal_Mode.elf
Finished building: default.size.stdout
 
Finished building: CAN_Normal_Mode.list
 
11:45:41 **** Incremental Build of configuration Debug for project CAN_Normal_Mode ****
make -j8 all 
arm-none-eabi-size  CAN_Normal_Mode.elf 
   text	   data	    bss	    dec	    hex	filename
   8268	     12	   1684	   9964	   26ec	CAN_Normal_Mode.elf
Finished building: default.size.stdout
 
11:46:07 **** Incremental Build of configuration Debug for project CAN_Normal_Mode ****
make -j8 all 
arm-none-eabi-size  CAN_Normal_Mode.elf 
   text	   data	    bss	    dec	    hex	filename
   8268	     12	   1684	   9964	   26ec	CAN_Normal_Mode.elf
Finished building: default.size.stdout
 
11:50:16 **** Incremental Build of configuration Debug for project CAN_Normal_Mode ****
make -j8 all 
arm-none-eabi-size  CAN_Normal_Mode.elf 
   text	   data	    bss	    dec	    hex	filename
   8268	     12	   1684	   9964	   26ec	CAN_Normal_Mode.elf
Finished building: default.size.stdout
 
11:55:12 **** Incremental Build of configuration Debug for project CAN_Normal_Mode ****
make -j8 all 
arm-none-eabi-gcc "../Core/Src/main.c" -mcpu=cortex-m3 -std=gnu11 -g3 -DDEBUG -DUSE_HAL_DRIVER -DSTM32F103x6 -c -I../Core/Inc -I../Drivers/STM32F1xx_HAL_Driver/Inc/Legacy -I../Drivers/STM32F1xx_HAL_Driver/Inc -I../Drivers/CMSIS/Device/ST/STM32F1xx/Include -I../Drivers/CMSIS/Include -O0 -ffunction-sections -fdata-sections -Wall -fstack-usage -fcyclomatic-complexity -MMD -MP -MF"Core/Src/main.d" -MT"Core/Src/main.o" --specs=nano.specs -mfloat-abi=soft -mthumb -o "Core/Src/main.o"
arm-none-eabi-gcc -o "CAN_Normal_Mode.elf" @"objects.list"   -mcpu=cortex-m3 -T"C:\Users\sopan\STM32CubeIDE\workspace_1.19.0\CAN_Normal_Mode\STM32F103C6TX_FLASH.ld" --specs=nosys.specs -Wl,-Map="CAN_Normal_Mode.map" -Wl,--gc-sections -static --specs=nano.specs -mfloat-abi=soft -mthumb -Wl,--start-group -lc -lm -Wl,--end-group
Finished building target: CAN_Normal_Mode.elf
 
arm-none-eabi-size  CAN_Normal_Mode.elf 
arm-none-eabi-objdump -h -S CAN_Normal_Mode.elf  > "CAN_Normal_Mode.list"
   text	   data	    bss	    dec	    hex	filename
   8444	     12	   1684	  10140	   279c	CAN_Normal_Mode.elf
Finished building: default.size.stdout
 
Finished building: CAN_Normal_Mode.list
 
12:19:00 **** Incremental Build of configuration Debug for project CAN_Normal_Mode ****
make -j8 all 
arm-none-eabi-gcc "../Core/Src/main.c" -mcpu=cortex-m3 -std=gnu11 -g3 -DDEBUG -DUSE_HAL_DRIVER -DSTM32F103x6 -c -I../Core/Inc -I../Drivers/STM32F1xx_HAL_Driver/Inc/Legacy -I../Drivers/STM32F1xx_HAL_Driver/Inc -I../Drivers/CMSIS/Device/ST/STM32F1xx/Include -I../Drivers/CMSIS/Include -O0 -ffunction-sections -fdata-sections -Wall -fstack-usage -fcyclomatic-complexity -MMD -MP -MF"Core/Src/main.d" -MT"Core/Src/main.o" --specs=nano.specs -mfloat-abi=soft -mthumb -o "Core/Src/main.o"
arm-none-eabi-gcc -o "CAN_Normal_Mode.elf" @"objects.list"   -mcpu=cortex-m3 -T"C:\Users\sopan\STM32CubeIDE\workspace_1.19.0\CAN_Normal_Mode\STM32F103C6TX_FLASH.ld" --specs=nosys.specs -Wl,-Map="CAN_Normal_Mode.map" -Wl,--gc-sections -static --specs=nano.specs -mfloat-abi=soft -mthumb -Wl,--start-group -lc -lm -Wl,--end-group
Finished building target: CAN_Normal_Mode.elf
 
arm-none-eabi-size  CAN_Normal_Mode.elf 
arm-none-eabi-objdump -h -S CAN_Normal_Mode.elf  > "CAN_Normal_Mode.list"
   text	   data	    bss	    dec	    hex	filename
   8452	     12	   1684	  10148	   27a4	CAN_Normal_Mode.elf
Finished building: default.size.stdout
 
Finished building: CAN_Normal_Mode.list
 
12:19:18 **** Incremental Build of configuration Debug for project CAN_Normal_Mode ****
make -j8 all 
arm-none-eabi-size  CAN_Normal_Mode.elf 
   text	   data	    bss	    dec	    hex	filename
   8452	     12	   1684	  10148	   27a4	CAN_Normal_Mode.elf
Finished building: default.size.stdout
 
12:21:49 **** Incremental Build of configuration Debug for project CAN_Normal_Mode ****
make -j8 all 
arm-none-eabi-gcc "../Core/Src/main.c" -mcpu=cortex-m3 -std=gnu11 -g3 -DDEBUG -DUSE_HAL_DRIVER -DSTM32F103x6 -c -I../Core/Inc -I../Drivers/STM32F1xx_HAL_Driver/Inc/Legacy -I../Drivers/STM32F1xx_HAL_Driver/Inc -I../Drivers/CMSIS/Device/ST/STM32F1xx/Include -I../Drivers/CMSIS/Include -O0 -ffunction-sections -fdata-sections -Wall -fstack-usage -fcyclomatic-complexity -MMD -MP -MF"Core/Src/main.d" -MT"Core/Src/main.o" --specs=nano.specs -mfloat-abi=soft -mthumb -o "Core/Src/main.o"
arm-none-eabi-gcc -o "CAN_Normal_Mode.elf" @"objects.list"   -mcpu=cortex-m3 -T"C:\Users\sopan\STM32CubeIDE\workspace_1.19.0\CAN_Normal_Mode\STM32F103C6TX_FLASH.ld" --specs=nosys.specs -Wl,-Map="CAN_Normal_Mode.map" -Wl,--gc-sections -static --specs=nano.specs -mfloat-abi=soft -mthumb -Wl,--start-group -lc -lm -Wl,--end-group
Finished building target: CAN_Normal_Mode.elf
 
arm-none-eabi-size  CAN_Normal_Mode.elf 
arm-none-eabi-objdump -h -S CAN_Normal_Mode.elf  > "CAN_Normal_Mode.list"
   text	   data	    bss	    dec	    hex	filename
   8468	     16	   1680	  10164	   27b4	CAN_Normal_Mode.elf
Finished building: default.size.stdout
 
Finished building: CAN_Normal_Mode.list
 
12:22:13 **** Incremental Build of configuration Debug for project CAN_Normal_Mode ****
make -j8 all 
arm-none-eabi-size  CAN_Normal_Mode.elf 
   text	   data	    bss	    dec	    hex	filename
   8468	     16	   1680	  10164	   27b4	CAN_Normal_Mode.elf
Finished building: default.size.stdout
 
12:22:29 **** Incremental Build of configuration Debug for project CAN_Normal_Mode ****
make -j8 all 
arm-none-eabi-size  CAN_Normal_Mode.elf 
   text	   data	    bss	    dec	    hex	filename
   8468	     16	   1680	  10164	   27b4	CAN_Normal_Mode.elf
Finished building: default.size.stdout
 
12:23:48 **** Incremental Build of configuration Debug for project CAN_Normal_Mode ****
make -j8 all 
arm-none-eabi-size  CAN_Normal_Mode.elf 
   text	   data	    bss	    dec	    hex	filename
   8468	     16	   1680	  10164	   27b4	CAN_Normal_Mode.elf
Finished building: default.size.stdout
 
12:25:10 **** Incremental Build of configuration Debug for project CAN_Normal_Mode ****
make -j8 all 
arm-none-eabi-gcc "../Core/Src/main.c" -mcpu=cortex-m3 -std=gnu11 -g3 -DDEBUG -DUSE_HAL_DRIVER -DSTM32F103x6 -c -I../Core/Inc -I../Drivers/STM32F1xx_HAL_Driver/Inc/Legacy -I../Drivers/STM32F1xx_HAL_Driver/Inc -I../Drivers/CMSIS/Device/ST/STM32F1xx/Include -I../Drivers/CMSIS/Include -O0 -ffunction-sections -fdata-sections -Wall -fstack-usage -fcyclomatic-complexity -MMD -MP -MF"Core/Src/main.d" -MT"Core/Src/main.o" --specs=nano.specs -mfloat-abi=soft -mthumb -o "Core/Src/main.o"
arm-none-eabi-gcc -o "CAN_Normal_Mode.elf" @"objects.list"   -mcpu=cortex-m3 -T"C:\Users\sopan\STM32CubeIDE\workspace_1.19.0\CAN_Normal_Mode\STM32F103C6TX_FLASH.ld" --specs=nosys.specs -Wl,-Map="CAN_Normal_Mode.map" -Wl,--gc-sections -static --specs=nano.specs -mfloat-abi=soft -mthumb -Wl,--start-group -lc -lm -Wl,--end-group
Finished building target: CAN_Normal_Mode.elf
 
arm-none-eabi-size  CAN_Normal_Mode.elf 
arm-none-eabi-objdump -h -S CAN_Normal_Mode.elf  > "CAN_Normal_Mode.list"
   text	   data	    bss	    dec	    hex	filename
   8464	     16	   1680	  10160	   27b0	CAN_Normal_Mode.elf
Finished building: default.size.stdout
 
Finished building: CAN_Normal_Mode.list
 
12:30:15 **** Incremental Build of configuration Debug for project CAN_Normal_Mode ****
make -j8 all 
arm-none-eabi-size  CAN_Normal_Mode.elf 
   text	   data	    bss	    dec	    hex	filename
   8464	     16	   1680	  10160	   27b0	CAN_Normal_Mode.elf
Finished building: default.size.stdout
 
12:30:38 **** Incremental Build of configuration Debug for project CAN_Normal_Mode ****
make -j8 all 
arm-none-eabi-size  CAN_Normal_Mode.elf 
   text	   data	    bss	    dec	    hex	filename
   8464	     16	   1680	  10160	   27b0	CAN_Normal_Mode.elf
Finished building: default.size.stdout
 
12:31:05 **** Incremental Build of configuration Debug for project CAN_Normal_Mode ****
make -j8 all 
arm-none-eabi-size  CAN_Normal_Mode.elf 
   text	   data	    bss	    dec	    hex	filename
   8464	     16	   1680	  10160	   27b0	CAN_Normal_Mode.elf
Finished building: default.size.stdout
 
12:31:20 **** Incremental Build of configuration Debug for project CAN_Normal_Mode ****
make -j8 all 
arm-none-eabi-size  CAN_Normal_Mode.elf 
   text	   data	    bss	    dec	    hex	filename
   8464	     16	   1680	  10160	   27b0	CAN_Normal_Mode.elf
Finished building: default.size.stdout
 
12:31:45 **** Incremental Build of configuration Debug for project CAN_Normal_Mode ****
make -j8 all 
arm-none-eabi-size  CAN_Normal_Mode.elf 
   text	   data	    bss	    dec	    hex	filename
   8464	     16	   1680	  10160	   27b0	CAN_Normal_Mode.elf
Finished building: default.size.stdout
 
12:32:04 **** Incremental Build of configuration Debug for project CAN_Normal_Mode ****
make -j8 all 
arm-none-eabi-size  CAN_Normal_Mode.elf 
   text	   data	    bss	    dec	    hex	filename
   8464	     16	   1680	  10160	   27b0	CAN_Normal_Mode.elf
Finished building: default.size.stdout
 
12:33:27 **** Incremental Build of configuration Debug for project CAN_Normal_Mode ****
make -j8 all 
arm-none-eabi-gcc "../Core/Src/main.c" -mcpu=cortex-m3 -std=gnu11 -g3 -DDEBUG -DUSE_HAL_DRIVER -DSTM32F103x6 -c -I../Core/Inc -I../Drivers/STM32F1xx_HAL_Driver/Inc/Legacy -I../Drivers/STM32F1xx_HAL_Driver/Inc -I../Drivers/CMSIS/Device/ST/STM32F1xx/Include -I../Drivers/CMSIS/Include -O0 -ffunction-sections -fdata-sections -Wall -fstack-usage -fcyclomatic-complexity -MMD -MP -MF"Core/Src/main.d" -MT"Core/Src/main.o" --specs=nano.specs -mfloat-abi=soft -mthumb -o "Core/Src/main.o"
arm-none-eabi-gcc -o "CAN_Normal_Mode.elf" @"objects.list"   -mcpu=cortex-m3 -T"C:\Users\sopan\STM32CubeIDE\workspace_1.19.0\CAN_Normal_Mode\STM32F103C6TX_FLASH.ld" --specs=nosys.specs -Wl,-Map="CAN_Normal_Mode.map" -Wl,--gc-sections -static --specs=nano.specs -mfloat-abi=soft -mthumb -Wl,--start-group -lc -lm -Wl,--end-group
Finished building target: CAN_Normal_Mode.elf
 
arm-none-eabi-size  CAN_Normal_Mode.elf 
arm-none-eabi-objdump -h -S CAN_Normal_Mode.elf  > "CAN_Normal_Mode.list"
   text	   data	    bss	    dec	    hex	filename
   8504	     16	   1680	  10200	   27d8	CAN_Normal_Mode.elf
Finished building: default.size.stdout
 
Finished building: CAN_Normal_Mode.list
 
12:34:53 **** Incremental Build of configuration Debug for project CAN_Normal_Mode ****
make -j8 all 
arm-none-eabi-size  CAN_Normal_Mode.elf 
   text	   data	    bss	    dec	    hex	filename
   8504	     16	   1680	  10200	   27d8	CAN_Normal_Mode.elf
Finished building: default.size.stdout
 
12:36:05 **** Incremental Build of configuration Debug for project CAN_Normal_Mode ****
make -j8 all 
arm-none-eabi-gcc "../Core/Src/main.c" -mcpu=cortex-m3 -std=gnu11 -g3 -DDEBUG -DUSE_HAL_DRIVER -DSTM32F103x6 -c -I../Core/Inc -I../Drivers/STM32F1xx_HAL_Driver/Inc/Legacy -I../Drivers/STM32F1xx_HAL_Driver/Inc -I../Drivers/CMSIS/Device/ST/STM32F1xx/Include -I../Drivers/CMSIS/Include -O0 -ffunction-sections -fdata-sections -Wall -fstack-usage -fcyclomatic-complexity -MMD -MP -MF"Core/Src/main.d" -MT"Core/Src/main.o" --specs=nano.specs -mfloat-abi=soft -mthumb -o "Core/Src/main.o"
arm-none-eabi-gcc -o "CAN_Normal_Mode.elf" @"objects.list"   -mcpu=cortex-m3 -T"C:\Users\sopan\STM32CubeIDE\workspace_1.19.0\CAN_Normal_Mode\STM32F103C6TX_FLASH.ld" --specs=nosys.specs -Wl,-Map="CAN_Normal_Mode.map" -Wl,--gc-sections -static --specs=nano.specs -mfloat-abi=soft -mthumb -Wl,--start-group -lc -lm -Wl,--end-group
Finished building target: CAN_Normal_Mode.elf
 
arm-none-eabi-size  CAN_Normal_Mode.elf 
arm-none-eabi-objdump -h -S CAN_Normal_Mode.elf  > "CAN_Normal_Mode.list"
   text	   data	    bss	    dec	    hex	filename
   8464	     16	   1680	  10160	   27b0	CAN_Normal_Mode.elf
Finished building: default.size.stdout
 
Finished building: CAN_Normal_Mode.list
 
12:36:39 **** Incremental Build of configuration Debug for project CAN_Normal_Mode ****
make -j8 all 
arm-none-eabi-size  CAN_Normal_Mode.elf 
   text	   data	    bss	    dec	    hex	filename
   8464	     16	   1680	  10160	   27b0	CAN_Normal_Mode.elf
Finished building: default.size.stdout
 
12:36:51 **** Incremental Build of configuration Debug for project CAN_Normal_Mode ****
make -j8 all 
arm-none-eabi-size  CAN_Normal_Mode.elf 
   text	   data	    bss	    dec	    hex	filename
   8464	     16	   1680	  10160	   27b0	CAN_Normal_Mode.elf
Finished building: default.size.stdout
 
21:07:32 **** Build of configuration Debug for project CAN_Normal_Mode ****
make -j8 all 
arm-none-eabi-gcc "../Core/Src/main.c" -mcpu=cortex-m3 -std=gnu11 -g3 -DDEBUG -DUSE_HAL_DRIVER -DSTM32F103x6 -c -I../Core/Inc -I../Drivers/STM32F1xx_HAL_Driver/Inc/Legacy -I../Drivers/STM32F1xx_HAL_Driver/Inc -I../Drivers/CMSIS/Device/ST/STM32F1xx/Include -I../Drivers/CMSIS/Include -O0 -ffunction-sections -fdata-sections -Wall -fstack-usage -fcyclomatic-complexity -MMD -MP -MF"Core/Src/main.d" -MT"Core/Src/main.o" --specs=nano.specs -mfloat-abi=soft -mthumb -o "Core/Src/main.o"
arm-none-eabi-gcc -o "CAN_Normal_Mode.elf" @"objects.list"   -mcpu=cortex-m3 -T"C:\Users\sopan\STM32CubeIDE\workspace_1.19.0\CAN_Normal_Mode\STM32F103C6TX_FLASH.ld" --specs=nosys.specs -Wl,-Map="CAN_Normal_Mode.map" -Wl,--gc-sections -static --specs=nano.specs -mfloat-abi=soft -mthumb -Wl,--start-group -lc -lm -Wl,--end-group
Finished building target: CAN_Normal_Mode.elf
 
arm-none-eabi-size  CAN_Normal_Mode.elf 
arm-none-eabi-objdump -h -S CAN_Normal_Mode.elf  > "CAN_Normal_Mode.list"
   text	   data	    bss	    dec	    hex	filename
   8464	     16	   1680	  10160	   27b0	CAN_Normal_Mode.elf
Finished building: default.size.stdout
 
Finished building: CAN_Normal_Mode.list
 
21:12:39 **** Incremental Build of configuration Debug for project CAN_Normal_Mode ****
make -j8 all 
arm-none-eabi-gcc "../Core/Src/main.c" -mcpu=cortex-m3 -std=gnu11 -g3 -DDEBUG -DUSE_HAL_DRIVER -DSTM32F103x6 -c -I../Core/Inc -I../Drivers/STM32F1xx_HAL_Driver/Inc/Legacy -I../Drivers/STM32F1xx_HAL_Driver/Inc -I../Drivers/CMSIS/Device/ST/STM32F1xx/Include -I../Drivers/CMSIS/Include -O0 -ffunction-sections -fdata-sections -Wall -fstack-usage -fcyclomatic-complexity -MMD -MP -MF"Core/Src/main.d" -MT"Core/Src/main.o" --specs=nano.specs -mfloat-abi=soft -mthumb -o "Core/Src/main.o"
arm-none-eabi-gcc -o "CAN_Normal_Mode.elf" @"objects.list"   -mcpu=cortex-m3 -T"C:\Users\sopan\STM32CubeIDE\workspace_1.19.0\CAN_Normal_Mode\STM32F103C6TX_FLASH.ld" --specs=nosys.specs -Wl,-Map="CAN_Normal_Mode.map" -Wl,--gc-sections -static --specs=nano.specs -mfloat-abi=soft -mthumb -Wl,--start-group -lc -lm -Wl,--end-group
Finished building target: CAN_Normal_Mode.elf
 
arm-none-eabi-size  CAN_Normal_Mode.elf 
arm-none-eabi-objdump -h -S CAN_Normal_Mode.elf  > "CAN_Normal_Mode.list"
   text	   data	    bss	    dec	    hex	filename
   8464	     16	   1680	  10160	   27b0	CAN_Normal_Mode.elf
Finished building: default.size.stdout
 
Finished building: CAN_Normal_Mode.list
 
21:29:22 **** Incremental Build of configuration Debug for project CAN_Normal_Mode ****
make -j8 all 
arm-none-eabi-gcc "../Core/Src/stm32f1xx_hal_msp.c" -mcpu=cortex-m3 -std=gnu11 -g3 -DDEBUG -DUSE_HAL_DRIVER -DSTM32F103x6 -c -I../Core/Inc -I../Drivers/STM32F1xx_HAL_Driver/Inc/Legacy -I../Drivers/STM32F1xx_HAL_Driver/Inc -I../Drivers/CMSIS/Device/ST/STM32F1xx/Include -I../Drivers/CMSIS/Include -O0 -ffunction-sections -fdata-sections -Wall -fstack-usage -fcyclomatic-complexity -MMD -MP -MF"Core/Src/stm32f1xx_hal_msp.d" -MT"Core/Src/stm32f1xx_hal_msp.o" --specs=nano.specs -mfloat-abi=soft -mthumb -o "Core/Src/stm32f1xx_hal_msp.o"
arm-none-eabi-gcc -o "CAN_Normal_Mode.elf" @"objects.list"   -mcpu=cortex-m3 -T"C:\Users\sopan\STM32CubeIDE\workspace_1.19.0\CAN_Normal_Mode\STM32F103C6TX_FLASH.ld" --specs=nosys.specs -Wl,-Map="CAN_Normal_Mode.map" -Wl,--gc-sections -static --specs=nano.specs -mfloat-abi=soft -mthumb -Wl,--start-group -lc -lm -Wl,--end-group
Finished building target: CAN_Normal_Mode.elf
 
arm-none-eabi-size  CAN_Normal_Mode.elf 
arm-none-eabi-objdump -h -S CAN_Normal_Mode.elf  > "CAN_Normal_Mode.list"
   text	   data	    bss	    dec	    hex	filename
   8464	     16	   1680	  10160	   27b0	CAN_Normal_Mode.elf
Finished building: default.size.stdout
 
Finished building: CAN_Normal_Mode.list
 
21:30:24 **** Incremental Build of configuration Debug for project CAN_Normal_Mode ****
make -j8 all 
arm-none-eabi-size  CAN_Normal_Mode.elf 
   text	   data	    bss	    dec	    hex	filename
   8464	     16	   1680	  10160	   27b0	CAN_Normal_Mode.elf
Finished building: default.size.stdout
 
21:31:32 **** Incremental Build of configuration Debug for project CAN_Normal_Mode ****
make -j8 all 
arm-none-eabi-size  CAN_Normal_Mode.elf 
   text	   data	    bss	    dec	    hex	filename
   8464	     16	   1680	  10160	   27b0	CAN_Normal_Mode.elf
Finished building: default.size.stdout
 
21:33:05 **** Incremental Build of configuration Debug for project CAN_Normal_Mode ****
make -j8 all 
arm-none-eabi-size  CAN_Normal_Mode.elf 
   text	   data	    bss	    dec	    hex	filename
   8464	     16	   1680	  10160	   27b0	CAN_Normal_Mode.elf
Finished building: default.size.stdout
 
21:38:54 **** Incremental Build of configuration Debug for project CAN_Normal_Mode ****
make -j8 all 
arm-none-eabi-gcc "../Core/Src/main.c" -mcpu=cortex-m3 -std=gnu11 -g3 -DDEBUG -DUSE_HAL_DRIVER -DSTM32F103x6 -c -I../Core/Inc -I../Drivers/STM32F1xx_HAL_Driver/Inc/Legacy -I../Drivers/STM32F1xx_HAL_Driver/Inc -I../Drivers/CMSIS/Device/ST/STM32F1xx/Include -I../Drivers/CMSIS/Include -O0 -ffunction-sections -fdata-sections -Wall -fstack-usage -fcyclomatic-complexity -MMD -MP -MF"Core/Src/main.d" -MT"Core/Src/main.o" --specs=nano.specs -mfloat-abi=soft -mthumb -o "Core/Src/main.o"
arm-none-eabi-gcc -o "CAN_Normal_Mode.elf" @"objects.list"   -mcpu=cortex-m3 -T"C:\Users\sopan\STM32CubeIDE\workspace_1.19.0\CAN_Normal_Mode\STM32F103C6TX_FLASH.ld" --specs=nosys.specs -Wl,-Map="CAN_Normal_Mode.map" -Wl,--gc-sections -static --specs=nano.specs -mfloat-abi=soft -mthumb -Wl,--start-group -lc -lm -Wl,--end-group
Finished building target: CAN_Normal_Mode.elf
 
arm-none-eabi-size  CAN_Normal_Mode.elf 
arm-none-eabi-objdump -h -S CAN_Normal_Mode.elf  > "CAN_Normal_Mode.list"
   text	   data	    bss	    dec	    hex	filename
   8464	     16	   1680	  10160	   27b0	CAN_Normal_Mode.elf
Finished building: default.size.stdout
 
Finished building: CAN_Normal_Mode.list
 
22:09:08 **** Incremental Build of configuration Debug for project CAN_Normal_Mode ****
make -j8 all 
arm-none-eabi-gcc "../Core/Src/main.c" -mcpu=cortex-m3 -std=gnu11 -g3 -DDEBUG -DUSE_HAL_DRIVER -DSTM32F103x6 -c -I../Core/Inc -I../Drivers/STM32F1xx_HAL_Driver/Inc/Legacy -I../Drivers/STM32F1xx_HAL_Driver/Inc -I../Drivers/CMSIS/Device/ST/STM32F1xx/Include -I../Drivers/CMSIS/Include -O0 -ffunction-sections -fdata-sections -Wall -fstack-usage -fcyclomatic-complexity -MMD -MP -MF"Core/Src/main.d" -MT"Core/Src/main.o" --specs=nano.specs -mfloat-abi=soft -mthumb -o "Core/Src/main.o"
arm-none-eabi-gcc -o "CAN_Normal_Mode.elf" @"objects.list"   -mcpu=cortex-m3 -T"C:\Users\sopan\STM32CubeIDE\workspace_1.19.0\CAN_Normal_Mode\STM32F103C6TX_FLASH.ld" --specs=nosys.specs -Wl,-Map="CAN_Normal_Mode.map" -Wl,--gc-sections -static --specs=nano.specs -mfloat-abi=soft -mthumb -Wl,--start-group -lc -lm -Wl,--end-group
Finished building target: CAN_Normal_Mode.elf
 
arm-none-eabi-size  CAN_Normal_Mode.elf 
arm-none-eabi-objdump -h -S CAN_Normal_Mode.elf  > "CAN_Normal_Mode.list"
   text	   data	    bss	    dec	    hex	filename
   8496	     16	   1680	  10192	   27d0	CAN_Normal_Mode.elf
Finished building: default.size.stdout
 
Finished building: CAN_Normal_Mode.list
 
